2022-01-23 10:36:57.263  INFO 9460 --- [restartedMain] com.example.demo.FlightAppApplication    : Starting FlightAppApplication using Java 11.0.12 on JrJavaFseCogn-1 with PID 9460 (C:\Users\User\eclipse-workspace\flight-manager\target\classes started by User in C:\Users\User\eclipse-workspace\flight-manager)
2022-01-23 10:36:57.268  INFO 9460 --- [restartedMain] com.example.demo.FlightAppApplication    : No active profile set, falling back to default profiles: default
2022-01-23 10:36:57.439  INFO 9460 --- [restartedMain] .e.DevToolsPropertyDefaultsPostProcessor : Devtools property defaults active! Set 'spring.devtools.add-properties' to 'false' to disable
2022-01-23 10:36:57.440  INFO 9460 --- [restartedMain] .e.DevToolsPropertyDefaultsPostProcessor : For additional web related logging consider setting the 'logging.level.web' property to 'DEBUG'
2022-01-23 10:37:09.542  INFO 9460 --- [restartedMain] .s.d.r.c.RepositoryConfigurationDelegate : Bootstrapping Spring Data JPA repositories in DEFAULT mode.
2022-01-23 10:37:10.710  INFO 9460 --- [restartedMain] .s.d.r.c.RepositoryConfigurationDelegate : Finished Spring Data repository scanning in 1035 ms. Found 6 JPA repository interfaces.
2022-01-23 10:37:13.330  INFO 9460 --- [restartedMain] o.s.b.w.embedded.tomcat.TomcatWebServer  : Tomcat initialized with port(s): 8082 (http)
2022-01-23 10:37:13.351  INFO 9460 --- [restartedMain] o.apache.catalina.core.StandardService   : Starting service [Tomcat]
2022-01-23 10:37:13.352  INFO 9460 --- [restartedMain] org.apache.catalina.core.StandardEngine  : Starting Servlet engine: [Apache Tomcat/9.0.56]
2022-01-23 10:37:13.798  INFO 9460 --- [restartedMain] o.a.c.c.C.[Tomcat].[localhost].[/]       : Initializing Spring embedded WebApplicationContext
2022-01-23 10:37:13.800  INFO 9460 --- [restartedMain] w.s.c.ServletWebServerApplicationContext : Root WebApplicationContext: initialization completed in 16359 ms
2022-01-23 10:37:14.430  INFO 9460 --- [restartedMain] o.hibernate.jpa.internal.util.LogHelper  : HHH000204: Processing PersistenceUnitInfo [name: default]
2022-01-23 10:37:14.558  INFO 9460 --- [restartedMain] org.hibernate.Version                    : HHH000412: Hibernate ORM core version 5.6.3.Final
2022-01-23 10:37:15.033  INFO 9460 --- [restartedMain] o.hibernate.annotations.common.Version   : HCANN000001: Hibernate Commons Annotations {5.1.2.Final}
2022-01-23 10:37:17.227  INFO 9460 --- [restartedMain] com.zaxxer.hikari.HikariDataSource       : HikariPool-1 - Starting...
2022-01-23 10:37:24.063  INFO 9460 --- [restartedMain] com.zaxxer.hikari.HikariDataSource       : HikariPool-1 - Start completed.
2022-01-23 10:37:24.102  INFO 9460 --- [restartedMain] org.hibernate.dialect.Dialect            : HHH000400: Using dialect: org.hibernate.dialect.MySQL5Dialect
2022-01-23 10:37:40.045  INFO 9460 --- [restartedMain] o.h.e.t.j.p.i.JtaPlatformInitiator       : HHH000490: Using JtaPlatform implementation: [org.hibernate.engine.transaction.jta.platform.internal.NoJtaPlatform]
2022-01-23 10:37:40.056  INFO 9460 --- [restartedMain] j.LocalContainerEntityManagerFactoryBean : Initialized JPA EntityManagerFactory for persistence unit 'default'
2022-01-23 10:37:45.541  WARN 9460 --- [restartedMain] JpaBaseConfiguration$JpaWebConfiguration : spring.jpa.open-in-view is enabled by default. Therefore, database queries may be performed during view rendering. Explicitly configure spring.jpa.open-in-view to disable this warning
2022-01-23 10:37:46.808  INFO 9460 --- [restartedMain] o.s.s.web.DefaultSecurityFilterChain     : Will secure any request with [org.springframework.security.web.context.request.async.WebAsyncManagerIntegrationFilter@4cbc5225, org.springframework.security.web.context.SecurityContextPersistenceFilter@5122dbe2, org.springframework.security.web.header.HeaderWriterFilter@669b974f, org.springframework.security.web.authentication.logout.LogoutFilter@e9553be, com.example.demo.authcofig.AuthenticationFilter@5486d0ce, org.springframework.security.web.savedrequest.RequestCacheAwareFilter@2c571874, org.springframework.security.web.servletapi.SecurityContextHolderAwareRequestFilter@37c00a67, org.springframework.security.web.authentication.AnonymousAuthenticationFilter@3af79ccc, org.springframework.security.web.session.SessionManagementFilter@4a8b695a, org.springframework.security.web.access.ExceptionTranslationFilter@745aaa8, org.springframework.security.web.access.intercept.FilterSecurityInterceptor@48279928]
2022-01-23 10:37:49.104  INFO 9460 --- [restartedMain] o.s.b.d.a.OptionalLiveReloadServer       : LiveReload server is running on port 35729
2022-01-23 10:37:49.112  INFO 9460 --- [restartedMain] o.s.b.a.e.web.EndpointLinksResolver      : Exposing 14 endpoint(s) beneath base path '/actuator'
2022-01-23 10:37:49.593  INFO 9460 --- [restartedMain] o.s.b.w.embedded.tomcat.TomcatWebServer  : Tomcat started on port(s): 8082 (http) with context path ''
2022-01-23 10:37:49.674  INFO 9460 --- [restartedMain] com.example.demo.FlightAppApplication    : Started FlightAppApplication in 53.54 seconds (JVM running for 59.401)
2022-01-23 10:37:51.977  INFO 9460 --- [RMI TCP Connection(4)-127.0.0.1] o.a.c.c.C.[Tomcat].[localhost].[/]       : Initializing Spring DispatcherServlet 'dispatcherServlet'
2022-01-23 10:37:51.978  INFO 9460 --- [RMI TCP Connection(4)-127.0.0.1] o.s.web.servlet.DispatcherServlet        : Initializing Servlet 'dispatcherServlet'
2022-01-23 10:37:51.980  INFO 9460 --- [RMI TCP Connection(4)-127.0.0.1] o.s.web.servlet.DispatcherServlet        : Completed initialization in 2 ms
2022-01-23 10:42:55.136  INFO 9460 --- [Thread-5] j.LocalContainerEntityManagerFactoryBean : Closing JPA EntityManagerFactory for persistence unit 'default'
2022-01-23 10:42:55.143  INFO 9460 --- [Thread-5] com.zaxxer.hikari.HikariDataSource       : HikariPool-1 - Shutdown initiated...
2022-01-23 10:42:55.164  INFO 9460 --- [Thread-5] com.zaxxer.hikari.HikariDataSource       : HikariPool-1 - Shutdown completed.
2022-01-23 10:42:55.478  INFO 9460 --- [restartedMain] com.example.demo.FlightAppApplication    : Starting FlightAppApplication using Java 11.0.12 on JrJavaFseCogn-1 with PID 9460 (C:\Users\User\eclipse-workspace\flight-manager\target\classes started by User in C:\Users\User\eclipse-workspace\flight-manager)
2022-01-23 10:42:55.479  INFO 9460 --- [restartedMain] com.example.demo.FlightAppApplication    : No active profile set, falling back to default profiles: default
2022-01-23 10:42:56.317  INFO 9460 --- [restartedMain] .s.d.r.c.RepositoryConfigurationDelegate : Bootstrapping Spring Data JPA repositories in DEFAULT mode.
2022-01-23 10:42:56.364  INFO 9460 --- [restartedMain] .s.d.r.c.RepositoryConfigurationDelegate : Finished Spring Data repository scanning in 38 ms. Found 6 JPA repository interfaces.
2022-01-23 10:42:56.651  INFO 9460 --- [restartedMain] o.s.b.w.embedded.tomcat.TomcatWebServer  : Tomcat initialized with port(s): 8082 (http)
2022-01-23 10:42:56.652  INFO 9460 --- [restartedMain] o.apache.catalina.core.StandardService   : Starting service [Tomcat]
2022-01-23 10:42:56.655  INFO 9460 --- [restartedMain] org.apache.catalina.core.StandardEngine  : Starting Servlet engine: [Apache Tomcat/9.0.56]
2022-01-23 10:42:56.677  INFO 9460 --- [restartedMain] o.a.c.c.C.[Tomcat].[localhost].[/]       : Initializing Spring embedded WebApplicationContext
2022-01-23 10:42:56.679  INFO 9460 --- [restartedMain] w.s.c.ServletWebServerApplicationContext : Root WebApplicationContext: initialization completed in 1198 ms
2022-01-23 10:42:56.762  INFO 9460 --- [restartedMain] o.hibernate.jpa.internal.util.LogHelper  : HHH000204: Processing PersistenceUnitInfo [name: default]
2022-01-23 10:42:56.774  INFO 9460 --- [restartedMain] com.zaxxer.hikari.HikariDataSource       : HikariPool-2 - Starting...
2022-01-23 10:42:56.811  INFO 9460 --- [restartedMain] com.zaxxer.hikari.HikariDataSource       : HikariPool-2 - Start completed.
2022-01-23 10:42:56.812  INFO 9460 --- [restartedMain] org.hibernate.dialect.Dialect            : HHH000400: Using dialect: org.hibernate.dialect.MySQL5Dialect
2022-01-23 10:42:57.768  INFO 9460 --- [restartedMain] o.h.e.t.j.p.i.JtaPlatformInitiator       : HHH000490: Using JtaPlatform implementation: [org.hibernate.engine.transaction.jta.platform.internal.NoJtaPlatform]
2022-01-23 10:42:57.769  INFO 9460 --- [restartedMain] j.LocalContainerEntityManagerFactoryBean : Initialized JPA EntityManagerFactory for persistence unit 'default'
2022-01-23 10:42:58.051  WARN 9460 --- [restartedMain] JpaBaseConfiguration$JpaWebConfiguration : spring.jpa.open-in-view is enabled by default. Therefore, database queries may be performed during view rendering. Explicitly configure spring.jpa.open-in-view to disable this warning
2022-01-23 10:42:58.246  INFO 9460 --- [restartedMain] o.s.s.web.DefaultSecurityFilterChain     : Will secure any request with [org.springframework.security.web.context.request.async.WebAsyncManagerIntegrationFilter@24ff3de1, org.springframework.security.web.context.SecurityContextPersistenceFilter@50a8b2e3, org.springframework.security.web.header.HeaderWriterFilter@1d37f756, org.springframework.security.web.authentication.logout.LogoutFilter@e16fb4, com.example.demo.authcofig.AuthenticationFilter@738939e7, org.springframework.security.web.savedrequest.RequestCacheAwareFilter@3e7a439b, org.springframework.security.web.servletapi.SecurityContextHolderAwareRequestFilter@1cd58e45, org.springframework.security.web.authentication.AnonymousAuthenticationFilter@38d080c2, org.springframework.security.web.session.SessionManagementFilter@c40aaf9, org.springframework.security.web.access.ExceptionTranslationFilter@4605172a, org.springframework.security.web.access.intercept.FilterSecurityInterceptor@7921ece1]
2022-01-23 10:42:58.460  INFO 9460 --- [restartedMain] o.s.b.d.a.OptionalLiveReloadServer       : LiveReload server is running on port 35729
2022-01-23 10:42:58.465  INFO 9460 --- [restartedMain] o.s.b.a.e.web.EndpointLinksResolver      : Exposing 14 endpoint(s) beneath base path '/actuator'
2022-01-23 10:42:58.486  INFO 9460 --- [restartedMain] o.s.b.w.embedded.tomcat.TomcatWebServer  : Tomcat started on port(s): 8082 (http) with context path ''
2022-01-23 10:42:58.496  INFO 9460 --- [restartedMain] com.example.demo.FlightAppApplication    : Started FlightAppApplication in 3.054 seconds (JVM running for 368.223)
2022-01-23 10:42:58.499  INFO 9460 --- [restartedMain] .ConditionEvaluationDeltaLoggingListener : Condition evaluation unchanged
2022-01-23 10:45:07.243  INFO 9460 --- [Thread-7] j.LocalContainerEntityManagerFactoryBean : Closing JPA EntityManagerFactory for persistence unit 'default'
2022-01-23 10:45:07.245  INFO 9460 --- [Thread-7] com.zaxxer.hikari.HikariDataSource       : HikariPool-2 - Shutdown initiated...
2022-01-23 10:45:07.280  INFO 9460 --- [Thread-7] com.zaxxer.hikari.HikariDataSource       : HikariPool-2 - Shutdown completed.
2022-01-23 10:45:07.625  INFO 9460 --- [restartedMain] com.example.demo.FlightAppApplication    : Starting FlightAppApplication using Java 11.0.12 on JrJavaFseCogn-1 with PID 9460 (C:\Users\User\eclipse-workspace\flight-manager\target\classes started by User in C:\Users\User\eclipse-workspace\flight-manager)
2022-01-23 10:45:07.626  INFO 9460 --- [restartedMain] com.example.demo.FlightAppApplication    : No active profile set, falling back to default profiles: default
2022-01-23 10:45:08.069  INFO 9460 --- [restartedMain] .s.d.r.c.RepositoryConfigurationDelegate : Bootstrapping Spring Data JPA repositories in DEFAULT mode.
2022-01-23 10:45:08.112  INFO 9460 --- [restartedMain] .s.d.r.c.RepositoryConfigurationDelegate : Finished Spring Data repository scanning in 42 ms. Found 6 JPA repository interfaces.
2022-01-23 10:45:08.382  INFO 9460 --- [restartedMain] o.s.b.w.embedded.tomcat.TomcatWebServer  : Tomcat initialized with port(s): 8082 (http)
2022-01-23 10:45:08.387  INFO 9460 --- [restartedMain] o.apache.catalina.core.StandardService   : Starting service [Tomcat]
2022-01-23 10:45:08.389  INFO 9460 --- [restartedMain] org.apache.catalina.core.StandardEngine  : Starting Servlet engine: [Apache Tomcat/9.0.56]
2022-01-23 10:45:08.442  INFO 9460 --- [restartedMain] o.a.c.c.C.[Tomcat].[localhost].[/]       : Initializing Spring embedded WebApplicationContext
2022-01-23 10:45:08.445  INFO 9460 --- [restartedMain] w.s.c.ServletWebServerApplicationContext : Root WebApplicationContext: initialization completed in 816 ms
2022-01-23 10:45:08.722  INFO 9460 --- [restartedMain] o.hibernate.jpa.internal.util.LogHelper  : HHH000204: Processing PersistenceUnitInfo [name: default]
2022-01-23 10:45:08.734  INFO 9460 --- [restartedMain] com.zaxxer.hikari.HikariDataSource       : HikariPool-3 - Starting...
2022-01-23 10:45:08.779  INFO 9460 --- [restartedMain] com.zaxxer.hikari.HikariDataSource       : HikariPool-3 - Start completed.
2022-01-23 10:45:08.782  INFO 9460 --- [restartedMain] org.hibernate.dialect.Dialect            : HHH000400: Using dialect: org.hibernate.dialect.MySQL5Dialect
2022-01-23 10:45:09.375  INFO 9460 --- [restartedMain] o.h.e.t.j.p.i.JtaPlatformInitiator       : HHH000490: Using JtaPlatform implementation: [org.hibernate.engine.transaction.jta.platform.internal.NoJtaPlatform]
2022-01-23 10:45:09.376  INFO 9460 --- [restartedMain] j.LocalContainerEntityManagerFactoryBean : Initialized JPA EntityManagerFactory for persistence unit 'default'
2022-01-23 10:45:09.587  WARN 9460 --- [restartedMain] JpaBaseConfiguration$JpaWebConfiguration : spring.jpa.open-in-view is enabled by default. Therefore, database queries may be performed during view rendering. Explicitly configure spring.jpa.open-in-view to disable this warning
2022-01-23 10:45:09.922  INFO 9460 --- [restartedMain] o.s.s.web.DefaultSecurityFilterChain     : Will secure any request with [org.springframework.security.web.context.request.async.WebAsyncManagerIntegrationFilter@2fd3454a, org.springframework.security.web.context.SecurityContextPersistenceFilter@7333cbf5, org.springframework.security.web.header.HeaderWriterFilter@55e55bd4, org.springframework.security.web.authentication.logout.LogoutFilter@330b97a, com.example.demo.authcofig.AuthenticationFilter@47c2306b, org.springframework.security.web.savedrequest.RequestCacheAwareFilter@28792096, org.springframework.security.web.servletapi.SecurityContextHolderAwareRequestFilter@573de5b6, org.springframework.security.web.authentication.AnonymousAuthenticationFilter@6019a2a8, org.springframework.security.web.session.SessionManagementFilter@54bdb11a, org.springframework.security.web.access.ExceptionTranslationFilter@48f26c61, org.springframework.security.web.access.intercept.FilterSecurityInterceptor@40a4fac]
2022-01-23 10:45:10.245  INFO 9460 --- [restartedMain] o.s.b.d.a.OptionalLiveReloadServer       : LiveReload server is running on port 35729
2022-01-23 10:45:10.252  INFO 9460 --- [restartedMain] o.s.b.a.e.web.EndpointLinksResolver      : Exposing 14 endpoint(s) beneath base path '/actuator'
2022-01-23 10:45:10.357  INFO 9460 --- [restartedMain] o.s.b.w.embedded.tomcat.TomcatWebServer  : Tomcat started on port(s): 8082 (http) with context path ''
2022-01-23 10:45:10.373  INFO 9460 --- [restartedMain] com.example.demo.FlightAppApplication    : Started FlightAppApplication in 2.843 seconds (JVM running for 500.1)
2022-01-23 10:45:10.381  INFO 9460 --- [restartedMain] .ConditionEvaluationDeltaLoggingListener : Condition evaluation unchanged
2022-01-23 10:46:36.197  INFO 9460 --- [Thread-11] j.LocalContainerEntityManagerFactoryBean : Closing JPA EntityManagerFactory for persistence unit 'default'
2022-01-23 10:46:36.244  INFO 9460 --- [Thread-11] com.zaxxer.hikari.HikariDataSource       : HikariPool-3 - Shutdown initiated...
2022-01-23 10:46:36.315  INFO 9460 --- [Thread-11] com.zaxxer.hikari.HikariDataSource       : HikariPool-3 - Shutdown completed.
2022-01-23 10:46:36.520  INFO 9460 --- [restartedMain] com.example.demo.FlightAppApplication    : Starting FlightAppApplication using Java 11.0.12 on JrJavaFseCogn-1 with PID 9460 (C:\Users\User\eclipse-workspace\flight-manager\target\classes started by User in C:\Users\User\eclipse-workspace\flight-manager)
2022-01-23 10:46:36.521  INFO 9460 --- [restartedMain] com.example.demo.FlightAppApplication    : No active profile set, falling back to default profiles: default
2022-01-23 10:46:36.901  INFO 9460 --- [restartedMain] .s.d.r.c.RepositoryConfigurationDelegate : Bootstrapping Spring Data JPA repositories in DEFAULT mode.
2022-01-23 10:46:36.935  INFO 9460 --- [restartedMain] .s.d.r.c.RepositoryConfigurationDelegate : Finished Spring Data repository scanning in 32 ms. Found 6 JPA repository interfaces.
2022-01-23 10:46:37.055  INFO 9460 --- [restartedMain] o.s.b.w.embedded.tomcat.TomcatWebServer  : Tomcat initialized with port(s): 8082 (http)
2022-01-23 10:46:37.057  INFO 9460 --- [restartedMain] o.apache.catalina.core.StandardService   : Starting service [Tomcat]
2022-01-23 10:46:37.057  INFO 9460 --- [restartedMain] org.apache.catalina.core.StandardEngine  : Starting Servlet engine: [Apache Tomcat/9.0.56]
2022-01-23 10:46:37.073  INFO 9460 --- [restartedMain] o.a.c.c.C.[Tomcat].[localhost].[/]       : Initializing Spring embedded WebApplicationContext
2022-01-23 10:46:37.074  INFO 9460 --- [restartedMain] w.s.c.ServletWebServerApplicationContext : Root WebApplicationContext: initialization completed in 551 ms
2022-01-23 10:46:37.148  INFO 9460 --- [restartedMain] o.hibernate.jpa.internal.util.LogHelper  : HHH000204: Processing PersistenceUnitInfo [name: default]
2022-01-23 10:46:37.164  INFO 9460 --- [restartedMain] com.zaxxer.hikari.HikariDataSource       : HikariPool-4 - Starting...
2022-01-23 10:46:37.204  INFO 9460 --- [restartedMain] com.zaxxer.hikari.HikariDataSource       : HikariPool-4 - Start completed.
2022-01-23 10:46:37.205  INFO 9460 --- [restartedMain] org.hibernate.dialect.Dialect            : HHH000400: Using dialect: org.hibernate.dialect.MySQL5Dialect
2022-01-23 10:46:38.419  INFO 9460 --- [restartedMain] o.h.e.t.j.p.i.JtaPlatformInitiator       : HHH000490: Using JtaPlatform implementation: [org.hibernate.engine.transaction.jta.platform.internal.NoJtaPlatform]
2022-01-23 10:46:38.419  INFO 9460 --- [restartedMain] j.LocalContainerEntityManagerFactoryBean : Initialized JPA EntityManagerFactory for persistence unit 'default'
2022-01-23 10:46:38.540  WARN 9460 --- [restartedMain] JpaBaseConfiguration$JpaWebConfiguration : spring.jpa.open-in-view is enabled by default. Therefore, database queries may be performed during view rendering. Explicitly configure spring.jpa.open-in-view to disable this warning
2022-01-23 10:46:38.728  INFO 9460 --- [restartedMain] o.s.s.web.DefaultSecurityFilterChain     : Will secure any request with [org.springframework.security.web.context.request.async.WebAsyncManagerIntegrationFilter@191a7af0, org.springframework.security.web.context.SecurityContextPersistenceFilter@79f37863, org.springframework.security.web.header.HeaderWriterFilter@55811fec, org.springframework.security.web.authentication.logout.LogoutFilter@56de2ff4, com.example.demo.authcofig.AuthenticationFilter@908878f, org.springframework.security.web.savedrequest.RequestCacheAwareFilter@2679126e, org.springframework.security.web.servletapi.SecurityContextHolderAwareRequestFilter@7b5a0732, org.springframework.security.web.authentication.AnonymousAuthenticationFilter@44efd788, org.springframework.security.web.session.SessionManagementFilter@159b5047, org.springframework.security.web.access.ExceptionTranslationFilter@76152803, org.springframework.security.web.access.intercept.FilterSecurityInterceptor@5d7fec58]
2022-01-23 10:46:39.156  INFO 9460 --- [restartedMain] o.s.b.d.a.OptionalLiveReloadServer       : LiveReload server is running on port 35729
2022-01-23 10:46:39.160  INFO 9460 --- [restartedMain] o.s.b.a.e.web.EndpointLinksResolver      : Exposing 14 endpoint(s) beneath base path '/actuator'
2022-01-23 10:46:39.192  INFO 9460 --- [restartedMain] o.s.b.w.embedded.tomcat.TomcatWebServer  : Tomcat started on port(s): 8082 (http) with context path ''
2022-01-23 10:46:39.201  INFO 9460 --- [restartedMain] com.example.demo.FlightAppApplication    : Started FlightAppApplication in 2.724 seconds (JVM running for 588.928)
2022-01-23 10:46:39.206  INFO 9460 --- [restartedMain] .ConditionEvaluationDeltaLoggingListener : Condition evaluation unchanged
2022-01-23 10:47:18.404  INFO 9460 --- [Thread-15] j.LocalContainerEntityManagerFactoryBean : Closing JPA EntityManagerFactory for persistence unit 'default'
2022-01-23 10:47:18.408  INFO 9460 --- [Thread-15] com.zaxxer.hikari.HikariDataSource       : HikariPool-4 - Shutdown initiated...
2022-01-23 10:47:18.440  INFO 9460 --- [Thread-15] com.zaxxer.hikari.HikariDataSource       : HikariPool-4 - Shutdown completed.
2022-01-23 10:47:18.643  INFO 9460 --- [restartedMain] com.example.demo.FlightAppApplication    : Starting FlightAppApplication using Java 11.0.12 on JrJavaFseCogn-1 with PID 9460 (C:\Users\User\eclipse-workspace\flight-manager\target\classes started by User in C:\Users\User\eclipse-workspace\flight-manager)
2022-01-23 10:47:18.643  INFO 9460 --- [restartedMain] com.example.demo.FlightAppApplication    : No active profile set, falling back to default profiles: default
2022-01-23 10:47:19.001  INFO 9460 --- [restartedMain] .s.d.r.c.RepositoryConfigurationDelegate : Bootstrapping Spring Data JPA repositories in DEFAULT mode.
2022-01-23 10:47:19.036  INFO 9460 --- [restartedMain] .s.d.r.c.RepositoryConfigurationDelegate : Finished Spring Data repository scanning in 34 ms. Found 6 JPA repository interfaces.
2022-01-23 10:47:19.156  INFO 9460 --- [restartedMain] o.s.b.w.embedded.tomcat.TomcatWebServer  : Tomcat initialized with port(s): 8082 (http)
2022-01-23 10:47:19.158  INFO 9460 --- [restartedMain] o.apache.catalina.core.StandardService   : Starting service [Tomcat]
2022-01-23 10:47:19.158  INFO 9460 --- [restartedMain] org.apache.catalina.core.StandardEngine  : Starting Servlet engine: [Apache Tomcat/9.0.56]
2022-01-23 10:47:19.175  INFO 9460 --- [restartedMain] o.a.c.c.C.[Tomcat].[localhost].[/]       : Initializing Spring embedded WebApplicationContext
2022-01-23 10:47:19.177  INFO 9460 --- [restartedMain] w.s.c.ServletWebServerApplicationContext : Root WebApplicationContext: initialization completed in 531 ms
2022-01-23 10:47:19.250  INFO 9460 --- [restartedMain] o.hibernate.jpa.internal.util.LogHelper  : HHH000204: Processing PersistenceUnitInfo [name: default]
2022-01-23 10:47:19.257  INFO 9460 --- [restartedMain] com.zaxxer.hikari.HikariDataSource       : HikariPool-5 - Starting...
2022-01-23 10:47:19.285  INFO 9460 --- [restartedMain] com.zaxxer.hikari.HikariDataSource       : HikariPool-5 - Start completed.
2022-01-23 10:47:19.286  INFO 9460 --- [restartedMain] org.hibernate.dialect.Dialect            : HHH000400: Using dialect: org.hibernate.dialect.MySQL5Dialect
2022-01-23 10:47:21.170  INFO 9460 --- [restartedMain] o.h.e.t.j.p.i.JtaPlatformInitiator       : HHH000490: Using JtaPlatform implementation: [org.hibernate.engine.transaction.jta.platform.internal.NoJtaPlatform]
2022-01-23 10:47:21.171  INFO 9460 --- [restartedMain] j.LocalContainerEntityManagerFactoryBean : Initialized JPA EntityManagerFactory for persistence unit 'default'
2022-01-23 10:47:21.395  WARN 9460 --- [restartedMain] JpaBaseConfiguration$JpaWebConfiguration : spring.jpa.open-in-view is enabled by default. Therefore, database queries may be performed during view rendering. Explicitly configure spring.jpa.open-in-view to disable this warning
2022-01-23 10:47:21.520  INFO 9460 --- [restartedMain] o.s.s.web.DefaultSecurityFilterChain     : Will secure any request with [org.springframework.security.web.context.request.async.WebAsyncManagerIntegrationFilter@38f9dcaf, org.springframework.security.web.context.SecurityContextPersistenceFilter@25aa6192, org.springframework.security.web.header.HeaderWriterFilter@165805a, org.springframework.security.web.authentication.logout.LogoutFilter@283428, com.example.demo.authcofig.AuthenticationFilter@764e28b0, org.springframework.security.web.savedrequest.RequestCacheAwareFilter@6b49bcf4, org.springframework.security.web.servletapi.SecurityContextHolderAwareRequestFilter@46039697, org.springframework.security.web.authentication.AnonymousAuthenticationFilter@12406866, org.springframework.security.web.session.SessionManagementFilter@57cce0fb, org.springframework.security.web.access.ExceptionTranslationFilter@284ccc27, org.springframework.security.web.access.intercept.FilterSecurityInterceptor@113c43f0]
2022-01-23 10:47:21.749  INFO 9460 --- [restartedMain] o.s.b.d.a.OptionalLiveReloadServer       : LiveReload server is running on port 35729
2022-01-23 10:47:21.755  INFO 9460 --- [restartedMain] o.s.b.a.e.web.EndpointLinksResolver      : Exposing 14 endpoint(s) beneath base path '/actuator'
2022-01-23 10:47:21.782  INFO 9460 --- [restartedMain] o.s.b.w.embedded.tomcat.TomcatWebServer  : Tomcat started on port(s): 8082 (http) with context path ''
2022-01-23 10:47:21.794  INFO 9460 --- [restartedMain] com.example.demo.FlightAppApplication    : Started FlightAppApplication in 3.188 seconds (JVM running for 631.52)
2022-01-23 10:47:21.799  INFO 9460 --- [restartedMain] .ConditionEvaluationDeltaLoggingListener : Condition evaluation unchanged
2022-01-23 10:49:17.448  INFO 9460 --- [Thread-19] j.LocalContainerEntityManagerFactoryBean : Closing JPA EntityManagerFactory for persistence unit 'default'
2022-01-23 10:49:17.452  INFO 9460 --- [Thread-19] com.zaxxer.hikari.HikariDataSource       : HikariPool-5 - Shutdown initiated...
2022-01-23 10:49:17.463  INFO 9460 --- [Thread-19] com.zaxxer.hikari.HikariDataSource       : HikariPool-5 - Shutdown completed.
2022-01-23 10:49:17.638  INFO 9460 --- [restartedMain] com.example.demo.FlightAppApplication    : Starting FlightAppApplication using Java 11.0.12 on JrJavaFseCogn-1 with PID 9460 (C:\Users\User\eclipse-workspace\flight-manager\target\classes started by User in C:\Users\User\eclipse-workspace\flight-manager)
2022-01-23 10:49:17.640  INFO 9460 --- [restartedMain] com.example.demo.FlightAppApplication    : No active profile set, falling back to default profiles: default
2022-01-23 10:49:17.995  INFO 9460 --- [restartedMain] .s.d.r.c.RepositoryConfigurationDelegate : Bootstrapping Spring Data JPA repositories in DEFAULT mode.
2022-01-23 10:49:18.030  INFO 9460 --- [restartedMain] .s.d.r.c.RepositoryConfigurationDelegate : Finished Spring Data repository scanning in 35 ms. Found 6 JPA repository interfaces.
2022-01-23 10:49:18.548  INFO 9460 --- [restartedMain] o.s.b.w.embedded.tomcat.TomcatWebServer  : Tomcat initialized with port(s): 8082 (http)
2022-01-23 10:49:18.549  INFO 9460 --- [restartedMain] o.apache.catalina.core.StandardService   : Starting service [Tomcat]
2022-01-23 10:49:18.550  INFO 9460 --- [restartedMain] org.apache.catalina.core.StandardEngine  : Starting Servlet engine: [Apache Tomcat/9.0.56]
2022-01-23 10:49:18.678  INFO 9460 --- [restartedMain] o.a.c.c.C.[Tomcat].[localhost].[/]       : Initializing Spring embedded WebApplicationContext
2022-01-23 10:49:18.680  INFO 9460 --- [restartedMain] w.s.c.ServletWebServerApplicationContext : Root WebApplicationContext: initialization completed in 1037 ms
2022-01-23 10:49:19.243  INFO 9460 --- [restartedMain] o.hibernate.jpa.internal.util.LogHelper  : HHH000204: Processing PersistenceUnitInfo [name: default]
2022-01-23 10:49:19.254  INFO 9460 --- [restartedMain] com.zaxxer.hikari.HikariDataSource       : HikariPool-6 - Starting...
2022-01-23 10:49:19.309  INFO 9460 --- [restartedMain] com.zaxxer.hikari.HikariDataSource       : HikariPool-6 - Start completed.
2022-01-23 10:49:19.312  INFO 9460 --- [restartedMain] org.hibernate.dialect.Dialect            : HHH000400: Using dialect: org.hibernate.dialect.MySQL5Dialect
2022-01-23 10:49:19.961  INFO 9460 --- [restartedMain] o.h.e.t.j.p.i.JtaPlatformInitiator       : HHH000490: Using JtaPlatform implementation: [org.hibernate.engine.transaction.jta.platform.internal.NoJtaPlatform]
2022-01-23 10:49:19.961  INFO 9460 --- [restartedMain] j.LocalContainerEntityManagerFactoryBean : Initialized JPA EntityManagerFactory for persistence unit 'default'
2022-01-23 10:49:20.115  WARN 9460 --- [restartedMain] JpaBaseConfiguration$JpaWebConfiguration : spring.jpa.open-in-view is enabled by default. Therefore, database queries may be performed during view rendering. Explicitly configure spring.jpa.open-in-view to disable this warning
2022-01-23 10:49:20.319  INFO 9460 --- [restartedMain] o.s.s.web.DefaultSecurityFilterChain     : Will secure any request with [org.springframework.security.web.context.request.async.WebAsyncManagerIntegrationFilter@59f43fef, org.springframework.security.web.context.SecurityContextPersistenceFilter@20c36b72, org.springframework.security.web.header.HeaderWriterFilter@52d4012d, org.springframework.security.web.authentication.logout.LogoutFilter@b3d9668, com.example.demo.authcofig.AuthenticationFilter@6527dbc5, org.springframework.security.web.savedrequest.RequestCacheAwareFilter@c0cd1dc, org.springframework.security.web.servletapi.SecurityContextHolderAwareRequestFilter@7e236419, org.springframework.security.web.authentication.AnonymousAuthenticationFilter@6b2b2a1, org.springframework.security.web.session.SessionManagementFilter@24ad5bd4, org.springframework.security.web.access.ExceptionTranslationFilter@4ccc05eb, org.springframework.security.web.access.intercept.FilterSecurityInterceptor@1804e820]
2022-01-23 10:49:20.634  INFO 9460 --- [restartedMain] o.s.b.d.a.OptionalLiveReloadServer       : LiveReload server is running on port 35729
2022-01-23 10:49:20.638  INFO 9460 --- [restartedMain] o.s.b.a.e.web.EndpointLinksResolver      : Exposing 14 endpoint(s) beneath base path '/actuator'
2022-01-23 10:49:20.658  INFO 9460 --- [restartedMain] o.s.b.w.embedded.tomcat.TomcatWebServer  : Tomcat started on port(s): 8082 (http) with context path ''
2022-01-23 10:49:20.670  INFO 9460 --- [restartedMain] com.example.demo.FlightAppApplication    : Started FlightAppApplication in 3.062 seconds (JVM running for 750.397)
2022-01-23 10:49:20.731  INFO 9460 --- [restartedMain] .ConditionEvaluationDeltaLoggingListener : Condition evaluation unchanged
2022-01-23 10:54:19.491  INFO 9460 --- [Thread-23] j.LocalContainerEntityManagerFactoryBean : Closing JPA EntityManagerFactory for persistence unit 'default'
2022-01-23 10:54:19.494  INFO 9460 --- [Thread-23] com.zaxxer.hikari.HikariDataSource       : HikariPool-6 - Shutdown initiated...
2022-01-23 10:54:19.518  INFO 9460 --- [Thread-23] com.zaxxer.hikari.HikariDataSource       : HikariPool-6 - Shutdown completed.
2022-01-23 10:54:19.778  INFO 9460 --- [restartedMain] com.example.demo.FlightAppApplication    : Starting FlightAppApplication using Java 11.0.12 on JrJavaFseCogn-1 with PID 9460 (C:\Users\User\eclipse-workspace\flight-manager\target\classes started by User in C:\Users\User\eclipse-workspace\flight-manager)
2022-01-23 10:54:19.779  INFO 9460 --- [restartedMain] com.example.demo.FlightAppApplication    : No active profile set, falling back to default profiles: default
2022-01-23 10:54:20.364  INFO 9460 --- [restartedMain] .s.d.r.c.RepositoryConfigurationDelegate : Bootstrapping Spring Data JPA repositories in DEFAULT mode.
2022-01-23 10:54:20.399  INFO 9460 --- [restartedMain] .s.d.r.c.RepositoryConfigurationDelegate : Finished Spring Data repository scanning in 35 ms. Found 6 JPA repository interfaces.
2022-01-23 10:54:20.520  INFO 9460 --- [restartedMain] o.s.b.w.embedded.tomcat.TomcatWebServer  : Tomcat initialized with port(s): 8082 (http)
2022-01-23 10:54:20.523  INFO 9460 --- [restartedMain] o.apache.catalina.core.StandardService   : Starting service [Tomcat]
2022-01-23 10:54:20.523  INFO 9460 --- [restartedMain] org.apache.catalina.core.StandardEngine  : Starting Servlet engine: [Apache Tomcat/9.0.56]
2022-01-23 10:54:20.549  INFO 9460 --- [restartedMain] o.a.c.c.C.[Tomcat].[localhost].[/]       : Initializing Spring embedded WebApplicationContext
2022-01-23 10:54:20.549  INFO 9460 --- [restartedMain] w.s.c.ServletWebServerApplicationContext : Root WebApplicationContext: initialization completed in 768 ms
2022-01-23 10:54:20.810  INFO 9460 --- [restartedMain] o.hibernate.jpa.internal.util.LogHelper  : HHH000204: Processing PersistenceUnitInfo [name: default]
2022-01-23 10:54:20.822  INFO 9460 --- [restartedMain] com.zaxxer.hikari.HikariDataSource       : HikariPool-7 - Starting...
2022-01-23 10:54:20.861  INFO 9460 --- [restartedMain] com.zaxxer.hikari.HikariDataSource       : HikariPool-7 - Start completed.
2022-01-23 10:54:20.862  INFO 9460 --- [restartedMain] org.hibernate.dialect.Dialect            : HHH000400: Using dialect: org.hibernate.dialect.MySQL5Dialect
2022-01-23 10:54:21.633  INFO 9460 --- [restartedMain] o.h.e.t.j.p.i.JtaPlatformInitiator       : HHH000490: Using JtaPlatform implementation: [org.hibernate.engine.transaction.jta.platform.internal.NoJtaPlatform]
2022-01-23 10:54:21.634  INFO 9460 --- [restartedMain] j.LocalContainerEntityManagerFactoryBean : Initialized JPA EntityManagerFactory for persistence unit 'default'
2022-01-23 10:54:21.756  WARN 9460 --- [restartedMain] JpaBaseConfiguration$JpaWebConfiguration : spring.jpa.open-in-view is enabled by default. Therefore, database queries may be performed during view rendering. Explicitly configure spring.jpa.open-in-view to disable this warning
2022-01-23 10:54:21.888  INFO 9460 --- [restartedMain] o.s.s.web.DefaultSecurityFilterChain     : Will secure any request with [org.springframework.security.web.context.request.async.WebAsyncManagerIntegrationFilter@1a62e63f, org.springframework.security.web.context.SecurityContextPersistenceFilter@1165994a, org.springframework.security.web.header.HeaderWriterFilter@15a25a9d, org.springframework.security.web.authentication.logout.LogoutFilter@11a3f200, com.example.demo.authcofig.AuthenticationFilter@56d1c9bf, org.springframework.security.web.savedrequest.RequestCacheAwareFilter@50612b5c, org.springframework.security.web.servletapi.SecurityContextHolderAwareRequestFilter@5790f57f, org.springframework.security.web.authentication.AnonymousAuthenticationFilter@5ffd75ad, org.springframework.security.web.session.SessionManagementFilter@17f44ac, org.springframework.security.web.access.ExceptionTranslationFilter@39af0d4f, org.springframework.security.web.access.intercept.FilterSecurityInterceptor@3f978d01]
2022-01-23 10:54:22.279  INFO 9460 --- [restartedMain] o.s.b.d.a.OptionalLiveReloadServer       : LiveReload server is running on port 35729
2022-01-23 10:54:22.293  INFO 9460 --- [restartedMain] o.s.b.a.e.web.EndpointLinksResolver      : Exposing 14 endpoint(s) beneath base path '/actuator'
2022-01-23 10:54:22.336  INFO 9460 --- [restartedMain] o.s.b.w.embedded.tomcat.TomcatWebServer  : Tomcat started on port(s): 8082 (http) with context path ''
2022-01-23 10:54:22.348  INFO 9460 --- [restartedMain] com.example.demo.FlightAppApplication    : Started FlightAppApplication in 2.599 seconds (JVM running for 1052.075)
2022-01-23 10:54:22.353  INFO 9460 --- [restartedMain] .ConditionEvaluationDeltaLoggingListener : Condition evaluation unchanged
2022-01-23 10:56:24.783  INFO 9460 --- [Thread-27] j.LocalContainerEntityManagerFactoryBean : Closing JPA EntityManagerFactory for persistence unit 'default'
2022-01-23 10:56:24.794  INFO 9460 --- [Thread-27] com.zaxxer.hikari.HikariDataSource       : HikariPool-7 - Shutdown initiated...
2022-01-23 10:56:24.841  INFO 9460 --- [Thread-27] com.zaxxer.hikari.HikariDataSource       : HikariPool-7 - Shutdown completed.
2022-01-23 10:56:25.607  INFO 9460 --- [restartedMain] com.example.demo.FlightAppApplication    : Starting FlightAppApplication using Java 11.0.12 on JrJavaFseCogn-1 with PID 9460 (C:\Users\User\eclipse-workspace\flight-manager\target\classes started by User in C:\Users\User\eclipse-workspace\flight-manager)
2022-01-23 10:56:25.609  INFO 9460 --- [restartedMain] com.example.demo.FlightAppApplication    : No active profile set, falling back to default profiles: default
2022-01-23 10:56:26.438  INFO 9460 --- [restartedMain] .s.d.r.c.RepositoryConfigurationDelegate : Bootstrapping Spring Data JPA repositories in DEFAULT mode.
2022-01-23 10:56:26.475  INFO 9460 --- [restartedMain] .s.d.r.c.RepositoryConfigurationDelegate : Finished Spring Data repository scanning in 34 ms. Found 6 JPA repository interfaces.
2022-01-23 10:56:26.617  INFO 9460 --- [restartedMain] o.s.b.w.embedded.tomcat.TomcatWebServer  : Tomcat initialized with port(s): 8082 (http)
2022-01-23 10:56:26.620  INFO 9460 --- [restartedMain] o.apache.catalina.core.StandardService   : Starting service [Tomcat]
2022-01-23 10:56:26.623  INFO 9460 --- [restartedMain] org.apache.catalina.core.StandardEngine  : Starting Servlet engine: [Apache Tomcat/9.0.56]
2022-01-23 10:56:26.641  INFO 9460 --- [restartedMain] o.a.c.c.C.[Tomcat].[localhost].[/]       : Initializing Spring embedded WebApplicationContext
2022-01-23 10:56:26.642  INFO 9460 --- [restartedMain] w.s.c.ServletWebServerApplicationContext : Root WebApplicationContext: initialization completed in 1029 ms
2022-01-23 10:56:26.750  INFO 9460 --- [restartedMain] o.hibernate.jpa.internal.util.LogHelper  : HHH000204: Processing PersistenceUnitInfo [name: default]
2022-01-23 10:56:26.758  INFO 9460 --- [restartedMain] com.zaxxer.hikari.HikariDataSource       : HikariPool-8 - Starting...
2022-01-23 10:56:26.805  INFO 9460 --- [restartedMain] com.zaxxer.hikari.HikariDataSource       : HikariPool-8 - Start completed.
2022-01-23 10:56:26.805  INFO 9460 --- [restartedMain] org.hibernate.dialect.Dialect            : HHH000400: Using dialect: org.hibernate.dialect.MySQL5Dialect
2022-01-23 10:56:28.021  INFO 9460 --- [restartedMain] o.h.e.t.j.p.i.JtaPlatformInitiator       : HHH000490: Using JtaPlatform implementation: [org.hibernate.engine.transaction.jta.platform.internal.NoJtaPlatform]
2022-01-23 10:56:28.022  INFO 9460 --- [restartedMain] j.LocalContainerEntityManagerFactoryBean : Initialized JPA EntityManagerFactory for persistence unit 'default'
2022-01-23 10:56:28.137  WARN 9460 --- [restartedMain] JpaBaseConfiguration$JpaWebConfiguration : spring.jpa.open-in-view is enabled by default. Therefore, database queries may be performed during view rendering. Explicitly configure spring.jpa.open-in-view to disable this warning
2022-01-23 10:56:28.231  INFO 9460 --- [restartedMain] o.s.s.web.DefaultSecurityFilterChain     : Will secure any request with [org.springframework.security.web.context.request.async.WebAsyncManagerIntegrationFilter@413f82e6, org.springframework.security.web.context.SecurityContextPersistenceFilter@71411924, org.springframework.security.web.header.HeaderWriterFilter@2f3b45c0, org.springframework.security.web.authentication.logout.LogoutFilter@4e3cb8c, com.example.demo.authcofig.AuthenticationFilter@21ed2999, org.springframework.security.web.savedrequest.RequestCacheAwareFilter@3f89127f, org.springframework.security.web.servletapi.SecurityContextHolderAwareRequestFilter@4ae9450b, org.springframework.security.web.authentication.AnonymousAuthenticationFilter@3b48b9ae, org.springframework.security.web.session.SessionManagementFilter@14e47500, org.springframework.security.web.access.ExceptionTranslationFilter@269d1360, org.springframework.security.web.access.intercept.FilterSecurityInterceptor@9638e86]
2022-01-23 10:56:28.422  INFO 9460 --- [restartedMain] o.s.b.d.a.OptionalLiveReloadServer       : LiveReload server is running on port 35729
2022-01-23 10:56:28.426  INFO 9460 --- [restartedMain] o.s.b.a.e.web.EndpointLinksResolver      : Exposing 14 endpoint(s) beneath base path '/actuator'
2022-01-23 10:56:28.447  INFO 9460 --- [restartedMain] o.s.b.w.embedded.tomcat.TomcatWebServer  : Tomcat started on port(s): 8082 (http) with context path ''
2022-01-23 10:56:28.457  INFO 9460 --- [restartedMain] com.example.demo.FlightAppApplication    : Started FlightAppApplication in 2.983 seconds (JVM running for 1178.183)
2022-01-23 10:56:28.459  INFO 9460 --- [restartedMain] .ConditionEvaluationDeltaLoggingListener : Condition evaluation unchanged
2022-01-23 10:57:27.628  INFO 9460 --- [Thread-31] j.LocalContainerEntityManagerFactoryBean : Closing JPA EntityManagerFactory for persistence unit 'default'
2022-01-23 10:57:27.630  INFO 9460 --- [Thread-31] com.zaxxer.hikari.HikariDataSource       : HikariPool-8 - Shutdown initiated...
2022-01-23 10:57:27.654  INFO 9460 --- [Thread-31] com.zaxxer.hikari.HikariDataSource       : HikariPool-8 - Shutdown completed.
2022-01-23 10:57:27.856  INFO 9460 --- [restartedMain] com.example.demo.FlightAppApplication    : Starting FlightAppApplication using Java 11.0.12 on JrJavaFseCogn-1 with PID 9460 (C:\Users\User\eclipse-workspace\flight-manager\target\classes started by User in C:\Users\User\eclipse-workspace\flight-manager)
2022-01-23 10:57:27.856  INFO 9460 --- [restartedMain] com.example.demo.FlightAppApplication    : No active profile set, falling back to default profiles: default
2022-01-23 10:57:28.243  INFO 9460 --- [restartedMain] .s.d.r.c.RepositoryConfigurationDelegate : Bootstrapping Spring Data JPA repositories in DEFAULT mode.
2022-01-23 10:57:28.277  INFO 9460 --- [restartedMain] .s.d.r.c.RepositoryConfigurationDelegate : Finished Spring Data repository scanning in 33 ms. Found 6 JPA repository interfaces.
2022-01-23 10:57:28.402  INFO 9460 --- [restartedMain] o.s.b.w.embedded.tomcat.TomcatWebServer  : Tomcat initialized with port(s): 8082 (http)
2022-01-23 10:57:28.405  INFO 9460 --- [restartedMain] o.apache.catalina.core.StandardService   : Starting service [Tomcat]
2022-01-23 10:57:28.407  INFO 9460 --- [restartedMain] org.apache.catalina.core.StandardEngine  : Starting Servlet engine: [Apache Tomcat/9.0.56]
2022-01-23 10:57:28.426  INFO 9460 --- [restartedMain] o.a.c.c.C.[Tomcat].[localhost].[/]       : Initializing Spring embedded WebApplicationContext
2022-01-23 10:57:28.430  INFO 9460 --- [restartedMain] w.s.c.ServletWebServerApplicationContext : Root WebApplicationContext: initialization completed in 571 ms
2022-01-23 10:57:28.665  INFO 9460 --- [restartedMain] o.hibernate.jpa.internal.util.LogHelper  : HHH000204: Processing PersistenceUnitInfo [name: default]
2022-01-23 10:57:28.681  INFO 9460 --- [restartedMain] com.zaxxer.hikari.HikariDataSource       : HikariPool-9 - Starting...
2022-01-23 10:57:28.746  INFO 9460 --- [restartedMain] com.zaxxer.hikari.HikariDataSource       : HikariPool-9 - Start completed.
2022-01-23 10:57:28.746  INFO 9460 --- [restartedMain] org.hibernate.dialect.Dialect            : HHH000400: Using dialect: org.hibernate.dialect.MySQL5Dialect
2022-01-23 10:57:29.684  INFO 9460 --- [restartedMain] o.h.e.t.j.p.i.JtaPlatformInitiator       : HHH000490: Using JtaPlatform implementation: [org.hibernate.engine.transaction.jta.platform.internal.NoJtaPlatform]
2022-01-23 10:57:29.685  INFO 9460 --- [restartedMain] j.LocalContainerEntityManagerFactoryBean : Initialized JPA EntityManagerFactory for persistence unit 'default'
2022-01-23 10:57:29.795  WARN 9460 --- [restartedMain] JpaBaseConfiguration$JpaWebConfiguration : spring.jpa.open-in-view is enabled by default. Therefore, database queries may be performed during view rendering. Explicitly configure spring.jpa.open-in-view to disable this warning
2022-01-23 10:57:29.909  INFO 9460 --- [restartedMain] o.s.s.web.DefaultSecurityFilterChain     : Will secure any request with [org.springframework.security.web.context.request.async.WebAsyncManagerIntegrationFilter@12b7e575, org.springframework.security.web.context.SecurityContextPersistenceFilter@7b3c7476, org.springframework.security.web.header.HeaderWriterFilter@d45b969, org.springframework.security.web.authentication.logout.LogoutFilter@267ffaa9, com.example.demo.authcofig.AuthenticationFilter@2d32a81, org.springframework.security.web.savedrequest.RequestCacheAwareFilter@4f588163, org.springframework.security.web.servletapi.SecurityContextHolderAwareRequestFilter@6ff6f710, org.springframework.security.web.authentication.AnonymousAuthenticationFilter@7f92f804, org.springframework.security.web.session.SessionManagementFilter@43824bb9, org.springframework.security.web.access.ExceptionTranslationFilter@7066ad8, org.springframework.security.web.access.intercept.FilterSecurityInterceptor@3e6e8115]
2022-01-23 10:57:30.316  INFO 9460 --- [restartedMain] o.s.b.d.a.OptionalLiveReloadServer       : LiveReload server is running on port 35729
2022-01-23 10:57:30.323  INFO 9460 --- [restartedMain] o.s.b.a.e.web.EndpointLinksResolver      : Exposing 14 endpoint(s) beneath base path '/actuator'
2022-01-23 10:57:30.458  INFO 9460 --- [restartedMain] o.s.b.w.embedded.tomcat.TomcatWebServer  : Tomcat started on port(s): 8082 (http) with context path ''
2022-01-23 10:57:30.471  INFO 9460 --- [restartedMain] com.example.demo.FlightAppApplication    : Started FlightAppApplication in 2.647 seconds (JVM running for 1240.199)
2022-01-23 10:57:30.476  INFO 9460 --- [restartedMain] .ConditionEvaluationDeltaLoggingListener : Condition evaluation unchanged
2022-01-23 10:57:45.567  INFO 9460 --- [Thread-35] j.LocalContainerEntityManagerFactoryBean : Closing JPA EntityManagerFactory for persistence unit 'default'
2022-01-23 10:57:45.568  INFO 9460 --- [Thread-35] com.zaxxer.hikari.HikariDataSource       : HikariPool-9 - Shutdown initiated...
2022-01-23 10:57:45.593  INFO 9460 --- [Thread-35] com.zaxxer.hikari.HikariDataSource       : HikariPool-9 - Shutdown completed.
2022-01-23 10:57:45.797  INFO 9460 --- [restartedMain] com.example.demo.FlightAppApplication    : Starting FlightAppApplication using Java 11.0.12 on JrJavaFseCogn-1 with PID 9460 (C:\Users\User\eclipse-workspace\flight-manager\target\classes started by User in C:\Users\User\eclipse-workspace\flight-manager)
2022-01-23 10:57:45.799  INFO 9460 --- [restartedMain] com.example.demo.FlightAppApplication    : No active profile set, falling back to default profiles: default
2022-01-23 10:57:46.216  INFO 9460 --- [restartedMain] .s.d.r.c.RepositoryConfigurationDelegate : Bootstrapping Spring Data JPA repositories in DEFAULT mode.
2022-01-23 10:57:46.263  INFO 9460 --- [restartedMain] .s.d.r.c.RepositoryConfigurationDelegate : Finished Spring Data repository scanning in 46 ms. Found 6 JPA repository interfaces.
2022-01-23 10:57:46.537  INFO 9460 --- [restartedMain] o.s.b.w.embedded.tomcat.TomcatWebServer  : Tomcat initialized with port(s): 8082 (http)
2022-01-23 10:57:46.540  INFO 9460 --- [restartedMain] o.apache.catalina.core.StandardService   : Starting service [Tomcat]
2022-01-23 10:57:46.542  INFO 9460 --- [restartedMain] org.apache.catalina.core.StandardEngine  : Starting Servlet engine: [Apache Tomcat/9.0.56]
2022-01-23 10:57:46.753  INFO 9460 --- [restartedMain] o.a.c.c.C.[Tomcat].[localhost].[/]       : Initializing Spring embedded WebApplicationContext
2022-01-23 10:57:46.755  INFO 9460 --- [restartedMain] w.s.c.ServletWebServerApplicationContext : Root WebApplicationContext: initialization completed in 953 ms
2022-01-23 10:57:46.830  INFO 9460 --- [restartedMain] o.hibernate.jpa.internal.util.LogHelper  : HHH000204: Processing PersistenceUnitInfo [name: default]
2022-01-23 10:57:46.836  INFO 9460 --- [restartedMain] com.zaxxer.hikari.HikariDataSource       : HikariPool-10 - Starting...
2022-01-23 10:57:46.867  INFO 9460 --- [restartedMain] com.zaxxer.hikari.HikariDataSource       : HikariPool-10 - Start completed.
2022-01-23 10:57:46.868  INFO 9460 --- [restartedMain] org.hibernate.dialect.Dialect            : HHH000400: Using dialect: org.hibernate.dialect.MySQL5Dialect
2022-01-23 10:57:47.611  INFO 9460 --- [restartedMain] o.h.e.t.j.p.i.JtaPlatformInitiator       : HHH000490: Using JtaPlatform implementation: [org.hibernate.engine.transaction.jta.platform.internal.NoJtaPlatform]
2022-01-23 10:57:47.611  INFO 9460 --- [restartedMain] j.LocalContainerEntityManagerFactoryBean : Initialized JPA EntityManagerFactory for persistence unit 'default'
2022-01-23 10:57:47.722  WARN 9460 --- [restartedMain] JpaBaseConfiguration$JpaWebConfiguration : spring.jpa.open-in-view is enabled by default. Therefore, database queries may be performed during view rendering. Explicitly configure spring.jpa.open-in-view to disable this warning
2022-01-23 10:57:47.844  INFO 9460 --- [restartedMain] o.s.s.web.DefaultSecurityFilterChain     : Will secure any request with [org.springframework.security.web.context.request.async.WebAsyncManagerIntegrationFilter@28bb4c2a, org.springframework.security.web.context.SecurityContextPersistenceFilter@195c1319, org.springframework.security.web.header.HeaderWriterFilter@785ae4e5, org.springframework.security.web.authentication.logout.LogoutFilter@5d97b319, com.example.demo.authcofig.AuthenticationFilter@72f8d6d, org.springframework.security.web.savedrequest.RequestCacheAwareFilter@d81be31, org.springframework.security.web.servletapi.SecurityContextHolderAwareRequestFilter@22d30ea8, org.springframework.security.web.authentication.AnonymousAuthenticationFilter@3017b2c3, org.springframework.security.web.session.SessionManagementFilter@d0c5f1, org.springframework.security.web.access.ExceptionTranslationFilter@6f24764, org.springframework.security.web.access.intercept.FilterSecurityInterceptor@2bd6ee06]
2022-01-23 10:57:48.314  INFO 9460 --- [restartedMain] o.s.b.d.a.OptionalLiveReloadServer       : LiveReload server is running on port 35729
2022-01-23 10:57:48.317  INFO 9460 --- [restartedMain] o.s.b.a.e.web.EndpointLinksResolver      : Exposing 14 endpoint(s) beneath base path '/actuator'
2022-01-23 10:57:48.337  INFO 9460 --- [restartedMain] o.s.b.w.embedded.tomcat.TomcatWebServer  : Tomcat started on port(s): 8082 (http) with context path ''
2022-01-23 10:57:48.348  INFO 9460 --- [restartedMain] com.example.demo.FlightAppApplication    : Started FlightAppApplication in 2.581 seconds (JVM running for 1258.075)
2022-01-23 10:57:48.350  INFO 9460 --- [restartedMain] .ConditionEvaluationDeltaLoggingListener : Condition evaluation unchanged
2022-01-23 10:57:54.473  INFO 9460 --- [Thread-39] j.LocalContainerEntityManagerFactoryBean : Closing JPA EntityManagerFactory for persistence unit 'default'
2022-01-23 10:57:54.475  INFO 9460 --- [Thread-39] com.zaxxer.hikari.HikariDataSource       : HikariPool-10 - Shutdown initiated...
2022-01-23 10:57:54.498  INFO 9460 --- [Thread-39] com.zaxxer.hikari.HikariDataSource       : HikariPool-10 - Shutdown completed.
2022-01-23 10:57:54.824  INFO 9460 --- [restartedMain] com.example.demo.FlightAppApplication    : Starting FlightAppApplication using Java 11.0.12 on JrJavaFseCogn-1 with PID 9460 (C:\Users\User\eclipse-workspace\flight-manager\target\classes started by User in C:\Users\User\eclipse-workspace\flight-manager)
2022-01-23 10:57:54.824  INFO 9460 --- [restartedMain] com.example.demo.FlightAppApplication    : No active profile set, falling back to default profiles: default
2022-01-23 10:57:55.285  INFO 9460 --- [restartedMain] .s.d.r.c.RepositoryConfigurationDelegate : Bootstrapping Spring Data JPA repositories in DEFAULT mode.
2022-01-23 10:57:55.318  INFO 9460 --- [restartedMain] .s.d.r.c.RepositoryConfigurationDelegate : Finished Spring Data repository scanning in 31 ms. Found 6 JPA repository interfaces.
2022-01-23 10:57:55.448  INFO 9460 --- [restartedMain] o.s.b.w.embedded.tomcat.TomcatWebServer  : Tomcat initialized with port(s): 8082 (http)
2022-01-23 10:57:55.451  INFO 9460 --- [restartedMain] o.apache.catalina.core.StandardService   : Starting service [Tomcat]
2022-01-23 10:57:55.453  INFO 9460 --- [restartedMain] org.apache.catalina.core.StandardEngine  : Starting Servlet engine: [Apache Tomcat/9.0.56]
2022-01-23 10:57:55.478  INFO 9460 --- [restartedMain] o.a.c.c.C.[Tomcat].[localhost].[/]       : Initializing Spring embedded WebApplicationContext
2022-01-23 10:57:55.480  INFO 9460 --- [restartedMain] w.s.c.ServletWebServerApplicationContext : Root WebApplicationContext: initialization completed in 654 ms
2022-01-23 10:57:55.554  INFO 9460 --- [restartedMain] o.hibernate.jpa.internal.util.LogHelper  : HHH000204: Processing PersistenceUnitInfo [name: default]
2022-01-23 10:57:55.564  INFO 9460 --- [restartedMain] com.zaxxer.hikari.HikariDataSource       : HikariPool-11 - Starting...
2022-01-23 10:57:55.624  INFO 9460 --- [restartedMain] com.zaxxer.hikari.HikariDataSource       : HikariPool-11 - Start completed.
2022-01-23 10:57:55.627  INFO 9460 --- [restartedMain] org.hibernate.dialect.Dialect            : HHH000400: Using dialect: org.hibernate.dialect.MySQL5Dialect
2022-01-23 10:57:56.765  INFO 9460 --- [restartedMain] o.h.e.t.j.p.i.JtaPlatformInitiator       : HHH000490: Using JtaPlatform implementation: [org.hibernate.engine.transaction.jta.platform.internal.NoJtaPlatform]
2022-01-23 10:57:56.766  INFO 9460 --- [restartedMain] j.LocalContainerEntityManagerFactoryBean : Initialized JPA EntityManagerFactory for persistence unit 'default'
2022-01-23 10:57:56.873  WARN 9460 --- [restartedMain] JpaBaseConfiguration$JpaWebConfiguration : spring.jpa.open-in-view is enabled by default. Therefore, database queries may be performed during view rendering. Explicitly configure spring.jpa.open-in-view to disable this warning
2022-01-23 10:57:56.960  INFO 9460 --- [restartedMain] o.s.s.web.DefaultSecurityFilterChain     : Will secure any request with [org.springframework.security.web.context.request.async.WebAsyncManagerIntegrationFilter@79250c0d, org.springframework.security.web.context.SecurityContextPersistenceFilter@63499f22, org.springframework.security.web.header.HeaderWriterFilter@72517bea, org.springframework.security.web.authentication.logout.LogoutFilter@560b7d23, com.example.demo.authcofig.AuthenticationFilter@1b9e0857, org.springframework.security.web.savedrequest.RequestCacheAwareFilter@7ed01bdf, org.springframework.security.web.servletapi.SecurityContextHolderAwareRequestFilter@7a7a1c4, org.springframework.security.web.authentication.AnonymousAuthenticationFilter@16128cc9, org.springframework.security.web.session.SessionManagementFilter@5804c92d, org.springframework.security.web.access.ExceptionTranslationFilter@3f644c18, org.springframework.security.web.access.intercept.FilterSecurityInterceptor@677fe51b]
2022-01-23 10:57:57.160  INFO 9460 --- [restartedMain] o.s.b.d.a.OptionalLiveReloadServer       : LiveReload server is running on port 35729
2022-01-23 10:57:57.165  INFO 9460 --- [restartedMain] o.s.b.a.e.web.EndpointLinksResolver      : Exposing 14 endpoint(s) beneath base path '/actuator'
2022-01-23 10:57:57.192  INFO 9460 --- [restartedMain] o.s.b.w.embedded.tomcat.TomcatWebServer  : Tomcat started on port(s): 8082 (http) with context path ''
2022-01-23 10:57:57.204  INFO 9460 --- [restartedMain] com.example.demo.FlightAppApplication    : Started FlightAppApplication in 2.412 seconds (JVM running for 1266.931)
2022-01-23 10:57:57.207  INFO 9460 --- [restartedMain] .ConditionEvaluationDeltaLoggingListener : Condition evaluation unchanged
2022-01-23 10:58:11.156  INFO 9460 --- [Thread-43] j.LocalContainerEntityManagerFactoryBean : Closing JPA EntityManagerFactory for persistence unit 'default'
2022-01-23 10:58:11.158  INFO 9460 --- [Thread-43] com.zaxxer.hikari.HikariDataSource       : HikariPool-11 - Shutdown initiated...
2022-01-23 10:58:11.176  INFO 9460 --- [Thread-43] com.zaxxer.hikari.HikariDataSource       : HikariPool-11 - Shutdown completed.
2022-01-23 10:58:11.464  INFO 9460 --- [restartedMain] com.example.demo.FlightAppApplication    : Starting FlightAppApplication using Java 11.0.12 on JrJavaFseCogn-1 with PID 9460 (C:\Users\User\eclipse-workspace\flight-manager\target\classes started by User in C:\Users\User\eclipse-workspace\flight-manager)
2022-01-23 10:58:11.465  INFO 9460 --- [restartedMain] com.example.demo.FlightAppApplication    : No active profile set, falling back to default profiles: default
2022-01-23 10:58:11.906  INFO 9460 --- [restartedMain] .s.d.r.c.RepositoryConfigurationDelegate : Bootstrapping Spring Data JPA repositories in DEFAULT mode.
2022-01-23 10:58:11.936  INFO 9460 --- [restartedMain] .s.d.r.c.RepositoryConfigurationDelegate : Finished Spring Data repository scanning in 30 ms. Found 6 JPA repository interfaces.
2022-01-23 10:58:12.060  INFO 9460 --- [restartedMain] o.s.b.w.embedded.tomcat.TomcatWebServer  : Tomcat initialized with port(s): 8082 (http)
2022-01-23 10:58:12.064  INFO 9460 --- [restartedMain] o.apache.catalina.core.StandardService   : Starting service [Tomcat]
2022-01-23 10:58:12.065  INFO 9460 --- [restartedMain] org.apache.catalina.core.StandardEngine  : Starting Servlet engine: [Apache Tomcat/9.0.56]
2022-01-23 10:58:12.083  INFO 9460 --- [restartedMain] o.a.c.c.C.[Tomcat].[localhost].[/]       : Initializing Spring embedded WebApplicationContext
2022-01-23 10:58:12.084  INFO 9460 --- [restartedMain] w.s.c.ServletWebServerApplicationContext : Root WebApplicationContext: initialization completed in 617 ms
2022-01-23 10:58:12.158  INFO 9460 --- [restartedMain] o.hibernate.jpa.internal.util.LogHelper  : HHH000204: Processing PersistenceUnitInfo [name: default]
2022-01-23 10:58:12.166  INFO 9460 --- [restartedMain] com.zaxxer.hikari.HikariDataSource       : HikariPool-12 - Starting...
2022-01-23 10:58:12.222  INFO 9460 --- [restartedMain] com.zaxxer.hikari.HikariDataSource       : HikariPool-12 - Start completed.
2022-01-23 10:58:12.224  INFO 9460 --- [restartedMain] org.hibernate.dialect.Dialect            : HHH000400: Using dialect: org.hibernate.dialect.MySQL5Dialect
2022-01-23 10:58:12.891  INFO 9460 --- [restartedMain] o.h.e.t.j.p.i.JtaPlatformInitiator       : HHH000490: Using JtaPlatform implementation: [org.hibernate.engine.transaction.jta.platform.internal.NoJtaPlatform]
2022-01-23 10:58:12.891  INFO 9460 --- [restartedMain] j.LocalContainerEntityManagerFactoryBean : Initialized JPA EntityManagerFactory for persistence unit 'default'
2022-01-23 10:58:13.013  WARN 9460 --- [restartedMain] JpaBaseConfiguration$JpaWebConfiguration : spring.jpa.open-in-view is enabled by default. Therefore, database queries may be performed during view rendering. Explicitly configure spring.jpa.open-in-view to disable this warning
2022-01-23 10:58:13.254  INFO 9460 --- [restartedMain] o.s.s.web.DefaultSecurityFilterChain     : Will secure any request with [org.springframework.security.web.context.request.async.WebAsyncManagerIntegrationFilter@3e4b17f6, org.springframework.security.web.context.SecurityContextPersistenceFilter@2c78c456, org.springframework.security.web.header.HeaderWriterFilter@14c18eba, org.springframework.security.web.authentication.logout.LogoutFilter@27997bc7, com.example.demo.authcofig.AuthenticationFilter@67a0a21, org.springframework.security.web.savedrequest.RequestCacheAwareFilter@1df7cc1e, org.springframework.security.web.servletapi.SecurityContextHolderAwareRequestFilter@5db2544, org.springframework.security.web.authentication.AnonymousAuthenticationFilter@34bbc137, org.springframework.security.web.session.SessionManagementFilter@41a1237c, org.springframework.security.web.access.ExceptionTranslationFilter@19251374, org.springframework.security.web.access.intercept.FilterSecurityInterceptor@dff17f]
2022-01-23 10:58:13.672  INFO 9460 --- [restartedMain] o.s.b.d.a.OptionalLiveReloadServer       : LiveReload server is running on port 35729
2022-01-23 10:58:13.675  INFO 9460 --- [restartedMain] o.s.b.a.e.web.EndpointLinksResolver      : Exposing 14 endpoint(s) beneath base path '/actuator'
2022-01-23 10:58:13.707  INFO 9460 --- [restartedMain] o.s.b.w.embedded.tomcat.TomcatWebServer  : Tomcat started on port(s): 8082 (http) with context path ''
2022-01-23 10:58:13.716  INFO 9460 --- [restartedMain] com.example.demo.FlightAppApplication    : Started FlightAppApplication in 2.291 seconds (JVM running for 1283.443)
2022-01-23 10:58:13.718  INFO 9460 --- [restartedMain] .ConditionEvaluationDeltaLoggingListener : Condition evaluation unchanged
2022-01-23 10:59:45.412  INFO 9460 --- [RMI TCP Connection(26)-127.0.0.1] o.a.c.c.C.[Tomcat].[localhost].[/]       : Initializing Spring DispatcherServlet 'dispatcherServlet'
2022-01-23 10:59:45.413  INFO 9460 --- [RMI TCP Connection(26)-127.0.0.1] o.s.web.servlet.DispatcherServlet        : Initializing Servlet 'dispatcherServlet'
2022-01-23 10:59:45.415  INFO 9460 --- [RMI TCP Connection(26)-127.0.0.1] o.s.web.servlet.DispatcherServlet        : Completed initialization in 2 ms
2022-01-23 12:16:06.355  INFO 1988 --- [restartedMain] com.example.demo.FlightAppApplication    : Starting FlightAppApplication using Java 11.0.12 on JrJavaFseCogn-1 with PID 1988 (C:\Users\User\eclipse-workspace\flight-manager\target\classes started by User in C:\Users\User\eclipse-workspace\flight-manager)
2022-01-23 12:16:06.358  INFO 1988 --- [restartedMain] com.example.demo.FlightAppApplication    : No active profile set, falling back to default profiles: default
2022-01-23 12:16:06.606  INFO 1988 --- [restartedMain] .e.DevToolsPropertyDefaultsPostProcessor : Devtools property defaults active! Set 'spring.devtools.add-properties' to 'false' to disable
2022-01-23 12:16:06.607  INFO 1988 --- [restartedMain] .e.DevToolsPropertyDefaultsPostProcessor : For additional web related logging consider setting the 'logging.level.web' property to 'DEBUG'
2022-01-23 12:16:14.882  INFO 1988 --- [restartedMain] .s.d.r.c.RepositoryConfigurationDelegate : Bootstrapping Spring Data JPA repositories in DEFAULT mode.
2022-01-23 12:16:15.871  INFO 1988 --- [restartedMain] .s.d.r.c.RepositoryConfigurationDelegate : Finished Spring Data repository scanning in 907 ms. Found 6 JPA repository interfaces.
2022-01-23 12:16:20.576  INFO 1988 --- [restartedMain] o.s.b.w.embedded.tomcat.TomcatWebServer  : Tomcat initialized with port(s): 8082 (http)
2022-01-23 12:16:20.612  INFO 1988 --- [restartedMain] o.apache.catalina.core.StandardService   : Starting service [Tomcat]
2022-01-23 12:16:20.613  INFO 1988 --- [restartedMain] org.apache.catalina.core.StandardEngine  : Starting Servlet engine: [Apache Tomcat/9.0.56]
2022-01-23 12:16:21.029  INFO 1988 --- [restartedMain] o.a.c.c.C.[Tomcat].[localhost].[/]       : Initializing Spring embedded WebApplicationContext
2022-01-23 12:16:21.030  INFO 1988 --- [restartedMain] w.s.c.ServletWebServerApplicationContext : Root WebApplicationContext: initialization completed in 14420 ms
2022-01-23 12:16:24.758  INFO 1988 --- [restartedMain] o.hibernate.jpa.internal.util.LogHelper  : HHH000204: Processing PersistenceUnitInfo [name: default]
2022-01-23 12:16:25.441  INFO 1988 --- [restartedMain] org.hibernate.Version                    : HHH000412: Hibernate ORM core version 5.6.3.Final
2022-01-23 12:16:27.505  INFO 1988 --- [restartedMain] o.hibernate.annotations.common.Version   : HCANN000001: Hibernate Commons Annotations {5.1.2.Final}
2022-01-23 12:16:28.079  INFO 1988 --- [restartedMain] com.zaxxer.hikari.HikariDataSource       : HikariPool-1 - Starting...
2022-01-23 12:16:31.497  INFO 1988 --- [restartedMain] com.zaxxer.hikari.HikariDataSource       : HikariPool-1 - Start completed.
2022-01-23 12:16:31.567  INFO 1988 --- [restartedMain] org.hibernate.dialect.Dialect            : HHH000400: Using dialect: org.hibernate.dialect.MySQL5Dialect
2022-01-23 12:16:36.213  INFO 1988 --- [restartedMain] o.h.e.t.j.p.i.JtaPlatformInitiator       : HHH000490: Using JtaPlatform implementation: [org.hibernate.engine.transaction.jta.platform.internal.NoJtaPlatform]
2022-01-23 12:16:36.229  INFO 1988 --- [restartedMain] j.LocalContainerEntityManagerFactoryBean : Initialized JPA EntityManagerFactory for persistence unit 'default'
2022-01-23 12:16:37.306  WARN 1988 --- [restartedMain] JpaBaseConfiguration$JpaWebConfiguration : spring.jpa.open-in-view is enabled by default. Therefore, database queries may be performed during view rendering. Explicitly configure spring.jpa.open-in-view to disable this warning
2022-01-23 12:16:41.032  INFO 1988 --- [restartedMain] o.s.s.web.DefaultSecurityFilterChain     : Will secure any request with [org.springframework.security.web.context.request.async.WebAsyncManagerIntegrationFilter@600c3627, org.springframework.security.web.context.SecurityContextPersistenceFilter@308753e0, org.springframework.security.web.header.HeaderWriterFilter@49319578, org.springframework.security.web.authentication.logout.LogoutFilter@67f31c72, com.example.demo.authcofig.AuthenticationFilter@357be2d4, org.springframework.security.web.savedrequest.RequestCacheAwareFilter@f9f6e68, org.springframework.security.web.servletapi.SecurityContextHolderAwareRequestFilter@7701fdb1, org.springframework.security.web.authentication.AnonymousAuthenticationFilter@6f566046, org.springframework.security.web.session.SessionManagementFilter@caf0be9, org.springframework.security.web.access.ExceptionTranslationFilter@6c2638f2, org.springframework.security.web.access.intercept.FilterSecurityInterceptor@bfee8cb]
2022-01-23 12:16:43.587  WARN 1988 --- [restartedMain] o.s.b.d.a.OptionalLiveReloadServer       : Unable to start LiveReload server
2022-01-23 12:16:43.595  INFO 1988 --- [restartedMain] o.s.b.a.e.web.EndpointLinksResolver      : Exposing 14 endpoint(s) beneath base path '/actuator'
2022-01-23 12:16:43.725  INFO 1988 --- [restartedMain] o.s.b.w.embedded.tomcat.TomcatWebServer  : Tomcat started on port(s): 8082 (http) with context path ''
2022-01-23 12:16:43.759  INFO 1988 --- [restartedMain] com.example.demo.FlightAppApplication    : Started FlightAppApplication in 40.298 seconds (JVM running for 52.867)
2022-01-23 12:21:04.810  INFO 1988 --- [http-nio-8082-exec-1] o.a.c.c.C.[Tomcat].[localhost].[/]       : Initializing Spring DispatcherServlet 'dispatcherServlet'
2022-01-23 12:21:04.812  INFO 1988 --- [http-nio-8082-exec-1] o.s.web.servlet.DispatcherServlet        : Initializing Servlet 'dispatcherServlet'
2022-01-23 12:21:04.815  INFO 1988 --- [http-nio-8082-exec-1] o.s.web.servlet.DispatcherServlet        : Completed initialization in 3 ms
2022-01-23 12:21:05.658  WARN 1988 --- [http-nio-8082-exec-1] .m.m.a.ExceptionHandlerExceptionResolver : Resolved [com.example.demo.Exception.FlightNotFoundException]
2022-01-23 12:24:58.044  INFO 1988 --- [Thread-1] j.LocalContainerEntityManagerFactoryBean : Closing JPA EntityManagerFactory for persistence unit 'default'
2022-01-23 12:24:58.053  INFO 1988 --- [Thread-1] com.zaxxer.hikari.HikariDataSource       : HikariPool-1 - Shutdown initiated...
2022-01-23 12:24:58.073  INFO 1988 --- [Thread-1] com.zaxxer.hikari.HikariDataSource       : HikariPool-1 - Shutdown completed.
2022-01-23 12:24:58.409  INFO 1988 --- [restartedMain] com.example.demo.FlightAppApplication    : Starting FlightAppApplication using Java 11.0.12 on JrJavaFseCogn-1 with PID 1988 (C:\Users\User\eclipse-workspace\flight-manager\target\classes started by User in C:\Users\User\eclipse-workspace\flight-manager)
2022-01-23 12:24:58.410  INFO 1988 --- [restartedMain] com.example.demo.FlightAppApplication    : No active profile set, falling back to default profiles: default
2022-01-23 12:24:58.895  INFO 1988 --- [restartedMain] .s.d.r.c.RepositoryConfigurationDelegate : Bootstrapping Spring Data JPA repositories in DEFAULT mode.
2022-01-23 12:24:58.959  INFO 1988 --- [restartedMain] .s.d.r.c.RepositoryConfigurationDelegate : Finished Spring Data repository scanning in 46 ms. Found 6 JPA repository interfaces.
2022-01-23 12:24:59.178  INFO 1988 --- [restartedMain] o.s.b.w.embedded.tomcat.TomcatWebServer  : Tomcat initialized with port(s): 8082 (http)
2022-01-23 12:24:59.184  INFO 1988 --- [restartedMain] o.apache.catalina.core.StandardService   : Starting service [Tomcat]
2022-01-23 12:24:59.186  INFO 1988 --- [restartedMain] org.apache.catalina.core.StandardEngine  : Starting Servlet engine: [Apache Tomcat/9.0.56]
2022-01-23 12:24:59.269  INFO 1988 --- [restartedMain] o.a.c.c.C.[Tomcat].[localhost].[/]       : Initializing Spring embedded WebApplicationContext
2022-01-23 12:24:59.270  INFO 1988 --- [restartedMain] w.s.c.ServletWebServerApplicationContext : Root WebApplicationContext: initialization completed in 857 ms
2022-01-23 12:24:59.542  INFO 1988 --- [restartedMain] com.zaxxer.hikari.HikariDataSource       : HikariPool-2 - Starting...
2022-01-23 12:24:59.592  INFO 1988 --- [restartedMain] com.zaxxer.hikari.HikariDataSource       : HikariPool-2 - Start completed.
2022-01-23 12:24:59.609  INFO 1988 --- [restartedMain] o.hibernate.jpa.internal.util.LogHelper  : HHH000204: Processing PersistenceUnitInfo [name: default]
2022-01-23 12:24:59.619  INFO 1988 --- [restartedMain] org.hibernate.dialect.Dialect            : HHH000400: Using dialect: org.hibernate.dialect.MySQL5Dialect
2022-01-23 12:24:59.855  INFO 1988 --- [restartedMain] o.h.e.t.j.p.i.JtaPlatformInitiator       : HHH000490: Using JtaPlatform implementation: [org.hibernate.engine.transaction.jta.platform.internal.NoJtaPlatform]
2022-01-23 12:24:59.860  INFO 1988 --- [restartedMain] j.LocalContainerEntityManagerFactoryBean : Initialized JPA EntityManagerFactory for persistence unit 'default'
2022-01-23 12:25:00.172  WARN 1988 --- [restartedMain] JpaBaseConfiguration$JpaWebConfiguration : spring.jpa.open-in-view is enabled by default. Therefore, database queries may be performed during view rendering. Explicitly configure spring.jpa.open-in-view to disable this warning
2022-01-23 12:25:00.278  INFO 1988 --- [restartedMain] o.s.s.web.DefaultSecurityFilterChain     : Will secure any request with [org.springframework.security.web.context.request.async.WebAsyncManagerIntegrationFilter@50cb8539, org.springframework.security.web.context.SecurityContextPersistenceFilter@4d3d5157, org.springframework.security.web.header.HeaderWriterFilter@2ee51ece, org.springframework.security.web.authentication.logout.LogoutFilter@18a0c6d0, com.example.demo.authcofig.AuthenticationFilter@18233a19, org.springframework.security.web.savedrequest.RequestCacheAwareFilter@6c73b50d, org.springframework.security.web.servletapi.SecurityContextHolderAwareRequestFilter@6ae6d523, org.springframework.security.web.authentication.AnonymousAuthenticationFilter@2c149d2e, org.springframework.security.web.session.SessionManagementFilter@67e65ca3, org.springframework.security.web.access.ExceptionTranslationFilter@6638faff, org.springframework.security.web.access.intercept.FilterSecurityInterceptor@2fcb6b8f]
2022-01-23 12:25:00.534  WARN 1988 --- [restartedMain] o.s.b.d.a.OptionalLiveReloadServer       : Unable to start LiveReload server
2022-01-23 12:25:00.538  INFO 1988 --- [restartedMain] o.s.b.a.e.web.EndpointLinksResolver      : Exposing 14 endpoint(s) beneath base path '/actuator'
2022-01-23 12:25:00.564  INFO 1988 --- [restartedMain] o.s.b.w.embedded.tomcat.TomcatWebServer  : Tomcat started on port(s): 8082 (http) with context path ''
2022-01-23 12:25:00.579  INFO 1988 --- [restartedMain] com.example.demo.FlightAppApplication    : Started FlightAppApplication in 2.3 seconds (JVM running for 549.687)
2022-01-23 12:25:00.588  INFO 1988 --- [restartedMain] .ConditionEvaluationDeltaLoggingListener : Condition evaluation unchanged
2022-01-23 12:30:44.924  INFO 1988 --- [RMI TCP Connection(21)-127.0.0.1] inMXBeanRegistrar$SpringApplicationAdmin : Application shutdown requested.
2022-01-23 12:30:45.005  INFO 1988 --- [RMI TCP Connection(21)-127.0.0.1] j.LocalContainerEntityManagerFactoryBean : Closing JPA EntityManagerFactory for persistence unit 'default'
2022-01-23 12:30:45.007  INFO 1988 --- [RMI TCP Connection(21)-127.0.0.1] com.zaxxer.hikari.HikariDataSource       : HikariPool-2 - Shutdown initiated...
2022-01-23 12:30:45.030  INFO 1988 --- [RMI TCP Connection(21)-127.0.0.1] com.zaxxer.hikari.HikariDataSource       : HikariPool-2 - Shutdown completed.
2022-01-23 12:44:36.567  INFO 8248 --- [restartedMain] com.example.demo.FlightAppApplication    : Starting FlightAppApplication using Java 11.0.12 on JrJavaFseCogn-1 with PID 8248 (C:\Users\User\eclipse-workspace\flight-manager\target\classes started by User in C:\Users\User\eclipse-workspace\flight-manager)
2022-01-23 12:44:36.570  INFO 8248 --- [restartedMain] com.example.demo.FlightAppApplication    : No active profile set, falling back to default profiles: default
2022-01-23 12:44:36.641  INFO 8248 --- [restartedMain] .e.DevToolsPropertyDefaultsPostProcessor : Devtools property defaults active! Set 'spring.devtools.add-properties' to 'false' to disable
2022-01-23 12:44:36.644  INFO 8248 --- [restartedMain] .e.DevToolsPropertyDefaultsPostProcessor : For additional web related logging consider setting the 'logging.level.web' property to 'DEBUG'
2022-01-23 12:44:39.535  INFO 8248 --- [restartedMain] .s.d.r.c.RepositoryConfigurationDelegate : Bootstrapping Spring Data JPA repositories in DEFAULT mode.
2022-01-23 12:44:39.773  INFO 8248 --- [restartedMain] .s.d.r.c.RepositoryConfigurationDelegate : Finished Spring Data repository scanning in 114 ms. Found 6 JPA repository interfaces.
2022-01-23 12:44:40.975  INFO 8248 --- [restartedMain] o.s.b.w.embedded.tomcat.TomcatWebServer  : Tomcat initialized with port(s): 8082 (http)
2022-01-23 12:44:41.001  INFO 8248 --- [restartedMain] o.apache.catalina.core.StandardService   : Starting service [Tomcat]
2022-01-23 12:44:41.004  INFO 8248 --- [restartedMain] org.apache.catalina.core.StandardEngine  : Starting Servlet engine: [Apache Tomcat/9.0.56]
2022-01-23 12:44:41.171  INFO 8248 --- [restartedMain] o.a.c.c.C.[Tomcat].[localhost].[/]       : Initializing Spring embedded WebApplicationContext
2022-01-23 12:44:41.172  INFO 8248 --- [restartedMain] w.s.c.ServletWebServerApplicationContext : Root WebApplicationContext: initialization completed in 4527 ms
2022-01-23 12:44:41.451  INFO 8248 --- [restartedMain] com.zaxxer.hikari.HikariDataSource       : HikariPool-1 - Starting...
2022-01-23 12:44:41.952  INFO 8248 --- [restartedMain] com.zaxxer.hikari.HikariDataSource       : HikariPool-1 - Start completed.
2022-01-23 12:44:42.071  INFO 8248 --- [restartedMain] o.hibernate.jpa.internal.util.LogHelper  : HHH000204: Processing PersistenceUnitInfo [name: default]
2022-01-23 12:44:42.608  INFO 8248 --- [restartedMain] org.hibernate.Version                    : HHH000412: Hibernate ORM core version 5.6.3.Final
2022-01-23 12:44:42.928  INFO 8248 --- [restartedMain] o.hibernate.annotations.common.Version   : HCANN000001: Hibernate Commons Annotations {5.1.2.Final}
2022-01-23 12:44:43.154  INFO 8248 --- [restartedMain] org.hibernate.dialect.Dialect            : HHH000400: Using dialect: org.hibernate.dialect.MySQL5Dialect
2022-01-23 12:44:44.871  INFO 8248 --- [restartedMain] o.h.e.t.j.p.i.JtaPlatformInitiator       : HHH000490: Using JtaPlatform implementation: [org.hibernate.engine.transaction.jta.platform.internal.NoJtaPlatform]
2022-01-23 12:44:44.889  INFO 8248 --- [restartedMain] j.LocalContainerEntityManagerFactoryBean : Initialized JPA EntityManagerFactory for persistence unit 'default'
2022-01-23 12:44:46.062  WARN 8248 --- [restartedMain] JpaBaseConfiguration$JpaWebConfiguration : spring.jpa.open-in-view is enabled by default. Therefore, database queries may be performed during view rendering. Explicitly configure spring.jpa.open-in-view to disable this warning
2022-01-23 12:44:46.532  INFO 8248 --- [restartedMain] o.s.s.web.DefaultSecurityFilterChain     : Will secure any request with [org.springframework.security.web.context.request.async.WebAsyncManagerIntegrationFilter@2f78a139, org.springframework.security.web.context.SecurityContextPersistenceFilter@157f57f, org.springframework.security.web.header.HeaderWriterFilter@668ac6ba, org.springframework.security.web.authentication.logout.LogoutFilter@4bff1d6e, com.example.demo.authcofig.AuthenticationFilter@21c3dd0e, org.springframework.security.web.savedrequest.RequestCacheAwareFilter@6fec5b7f, org.springframework.security.web.servletapi.SecurityContextHolderAwareRequestFilter@1460ec35, org.springframework.security.web.authentication.AnonymousAuthenticationFilter@627acbb4, org.springframework.security.web.session.SessionManagementFilter@5dca96e9, org.springframework.security.web.access.ExceptionTranslationFilter@1a138f1d, org.springframework.security.web.access.intercept.FilterSecurityInterceptor@78f0c637]
2022-01-23 12:44:49.037  INFO 8248 --- [restartedMain] o.s.b.d.a.OptionalLiveReloadServer       : LiveReload server is running on port 35729
2022-01-23 12:44:49.050  INFO 8248 --- [restartedMain] o.s.b.a.e.web.EndpointLinksResolver      : Exposing 14 endpoint(s) beneath base path '/actuator'
2022-01-23 12:44:49.150  INFO 8248 --- [restartedMain] o.s.b.w.embedded.tomcat.TomcatWebServer  : Tomcat started on port(s): 8082 (http) with context path ''
2022-01-23 12:44:49.172  INFO 8248 --- [restartedMain] com.example.demo.FlightAppApplication    : Started FlightAppApplication in 13.505 seconds (JVM running for 15.382)
2022-01-23 12:44:51.228  INFO 8248 --- [RMI TCP Connection(3)-127.0.0.1] o.a.c.c.C.[Tomcat].[localhost].[/]       : Initializing Spring DispatcherServlet 'dispatcherServlet'
2022-01-23 12:44:51.229  INFO 8248 --- [RMI TCP Connection(3)-127.0.0.1] o.s.web.servlet.DispatcherServlet        : Initializing Servlet 'dispatcherServlet'
2022-01-23 12:44:51.232  INFO 8248 --- [RMI TCP Connection(3)-127.0.0.1] o.s.web.servlet.DispatcherServlet        : Completed initialization in 2 ms
2022-01-23 13:02:59.802  INFO 8248 --- [Thread-5] j.LocalContainerEntityManagerFactoryBean : Closing JPA EntityManagerFactory for persistence unit 'default'
2022-01-23 13:02:59.810  INFO 8248 --- [Thread-5] com.zaxxer.hikari.HikariDataSource       : HikariPool-1 - Shutdown initiated...
2022-01-23 13:02:59.833  INFO 8248 --- [Thread-5] com.zaxxer.hikari.HikariDataSource       : HikariPool-1 - Shutdown completed.
2022-01-23 13:03:00.038  INFO 8248 --- [restartedMain] com.example.demo.FlightAppApplication    : Starting FlightAppApplication using Java 11.0.12 on JrJavaFseCogn-1 with PID 8248 (C:\Users\User\eclipse-workspace\flight-manager\target\classes started by User in C:\Users\User\eclipse-workspace\flight-manager)
2022-01-23 13:03:00.039  INFO 8248 --- [restartedMain] com.example.demo.FlightAppApplication    : No active profile set, falling back to default profiles: default
2022-01-23 13:03:00.475  INFO 8248 --- [restartedMain] .s.d.r.c.RepositoryConfigurationDelegate : Bootstrapping Spring Data JPA repositories in DEFAULT mode.
2022-01-23 13:03:00.510  INFO 8248 --- [restartedMain] .s.d.r.c.RepositoryConfigurationDelegate : Finished Spring Data repository scanning in 32 ms. Found 6 JPA repository interfaces.
2022-01-23 13:03:00.634  INFO 8248 --- [restartedMain] o.s.b.w.embedded.tomcat.TomcatWebServer  : Tomcat initialized with port(s): 8082 (http)
2022-01-23 13:03:00.635  INFO 8248 --- [restartedMain] o.apache.catalina.core.StandardService   : Starting service [Tomcat]
2022-01-23 13:03:00.637  INFO 8248 --- [restartedMain] org.apache.catalina.core.StandardEngine  : Starting Servlet engine: [Apache Tomcat/9.0.56]
2022-01-23 13:03:00.656  INFO 8248 --- [restartedMain] o.a.c.c.C.[Tomcat].[localhost].[/]       : Initializing Spring embedded WebApplicationContext
2022-01-23 13:03:00.656  INFO 8248 --- [restartedMain] w.s.c.ServletWebServerApplicationContext : Root WebApplicationContext: initialization completed in 614 ms
2022-01-23 13:03:00.723  INFO 8248 --- [restartedMain] com.zaxxer.hikari.HikariDataSource       : HikariPool-2 - Starting...
2022-01-23 13:03:00.790  INFO 8248 --- [restartedMain] com.zaxxer.hikari.HikariDataSource       : HikariPool-2 - Start completed.
2022-01-23 13:03:00.804  INFO 8248 --- [restartedMain] o.hibernate.jpa.internal.util.LogHelper  : HHH000204: Processing PersistenceUnitInfo [name: default]
2022-01-23 13:03:00.813  INFO 8248 --- [restartedMain] org.hibernate.dialect.Dialect            : HHH000400: Using dialect: org.hibernate.dialect.MySQL5Dialect
2022-01-23 13:03:01.506  INFO 8248 --- [restartedMain] o.h.e.t.j.p.i.JtaPlatformInitiator       : HHH000490: Using JtaPlatform implementation: [org.hibernate.engine.transaction.jta.platform.internal.NoJtaPlatform]
2022-01-23 13:03:01.521  INFO 8248 --- [restartedMain] j.LocalContainerEntityManagerFactoryBean : Initialized JPA EntityManagerFactory for persistence unit 'default'
2022-01-23 13:03:01.687  WARN 8248 --- [restartedMain] JpaBaseConfiguration$JpaWebConfiguration : spring.jpa.open-in-view is enabled by default. Therefore, database queries may be performed during view rendering. Explicitly configure spring.jpa.open-in-view to disable this warning
2022-01-23 13:03:01.786  INFO 8248 --- [restartedMain] o.s.s.web.DefaultSecurityFilterChain     : Will secure any request with [org.springframework.security.web.context.request.async.WebAsyncManagerIntegrationFilter@24c22b3a, org.springframework.security.web.context.SecurityContextPersistenceFilter@79bc2033, org.springframework.security.web.header.HeaderWriterFilter@2185feb6, org.springframework.security.web.authentication.logout.LogoutFilter@68c6fea6, com.example.demo.authcofig.AuthenticationFilter@1355854f, org.springframework.security.web.savedrequest.RequestCacheAwareFilter@30b7456, org.springframework.security.web.servletapi.SecurityContextHolderAwareRequestFilter@df54acf, org.springframework.security.web.authentication.AnonymousAuthenticationFilter@697a8e9b, org.springframework.security.web.session.SessionManagementFilter@46877d95, org.springframework.security.web.access.ExceptionTranslationFilter@277bb6c4, org.springframework.security.web.access.intercept.FilterSecurityInterceptor@2bb0622a]
2022-01-23 13:03:01.987  INFO 8248 --- [restartedMain] o.s.b.d.a.OptionalLiveReloadServer       : LiveReload server is running on port 35729
2022-01-23 13:03:01.991  INFO 8248 --- [restartedMain] o.s.b.a.e.web.EndpointLinksResolver      : Exposing 14 endpoint(s) beneath base path '/actuator'
2022-01-23 13:03:02.011  INFO 8248 --- [restartedMain] o.s.b.w.embedded.tomcat.TomcatWebServer  : Tomcat started on port(s): 8082 (http) with context path ''
2022-01-23 13:03:02.044  INFO 8248 --- [restartedMain] com.example.demo.FlightAppApplication    : Started FlightAppApplication in 2.056 seconds (JVM running for 1108.254)
2022-01-23 13:03:02.048  INFO 8248 --- [restartedMain] .ConditionEvaluationDeltaLoggingListener : Condition evaluation unchanged
2022-01-23 13:15:30.610  INFO 8248 --- [http-nio-8082-exec-1] o.a.c.c.C.[Tomcat].[localhost].[/]       : Initializing Spring DispatcherServlet 'dispatcherServlet'
2022-01-23 13:15:30.610  INFO 8248 --- [http-nio-8082-exec-1] o.s.web.servlet.DispatcherServlet        : Initializing Servlet 'dispatcherServlet'
2022-01-23 13:15:30.613  INFO 8248 --- [http-nio-8082-exec-1] o.s.web.servlet.DispatcherServlet        : Completed initialization in 2 ms
2022-01-23 13:22:06.032  WARN 8248 --- [http-nio-8082-exec-1] .w.s.m.s.DefaultHandlerExceptionResolver : Resolved [org.springframework.web.method.annotation.MethodArgumentTypeMismatchException: Failed to convert value of type 'java.lang.String' to required type 'java.lang.Integer'; nested exception is java.lang.NumberFormatException: For input string: "authenticate"]
2022-01-23 13:22:19.706  WARN 8248 --- [http-nio-8082-exec-4] .w.s.m.s.DefaultHandlerExceptionResolver : Resolved [org.springframework.web.method.annotation.MethodArgumentTypeMismatchException: Failed to convert value of type 'java.lang.String' to required type 'java.lang.Integer'; nested exception is java.lang.NumberFormatException: For input string: "authenticate"]
2022-01-23 13:23:19.412  INFO 8248 --- [RMI TCP Connection(49)-127.0.0.1] inMXBeanRegistrar$SpringApplicationAdmin : Application shutdown requested.
2022-01-23 13:23:19.517  INFO 8248 --- [RMI TCP Connection(49)-127.0.0.1] j.LocalContainerEntityManagerFactoryBean : Closing JPA EntityManagerFactory for persistence unit 'default'
2022-01-23 13:23:19.521  INFO 8248 --- [RMI TCP Connection(49)-127.0.0.1] com.zaxxer.hikari.HikariDataSource       : HikariPool-2 - Shutdown initiated...
2022-01-23 13:23:19.551  INFO 8248 --- [RMI TCP Connection(49)-127.0.0.1] com.zaxxer.hikari.HikariDataSource       : HikariPool-2 - Shutdown completed.
2022-01-23 13:41:08.883  INFO 5564 --- [restartedMain] com.example.demo.FlightAppApplication    : Starting FlightAppApplication using Java 11.0.12 on JrJavaFseCogn-1 with PID 5564 (C:\Users\User\eclipse-workspace\flight-manager\target\classes started by User in C:\Users\User\eclipse-workspace\flight-manager)
2022-01-23 13:41:08.885  INFO 5564 --- [restartedMain] com.example.demo.FlightAppApplication    : No active profile set, falling back to default profiles: default
2022-01-23 13:41:09.018  INFO 5564 --- [restartedMain] .e.DevToolsPropertyDefaultsPostProcessor : Devtools property defaults active! Set 'spring.devtools.add-properties' to 'false' to disable
2022-01-23 13:41:09.018  INFO 5564 --- [restartedMain] .e.DevToolsPropertyDefaultsPostProcessor : For additional web related logging consider setting the 'logging.level.web' property to 'DEBUG'
2022-01-23 13:41:13.525  INFO 5564 --- [restartedMain] .s.d.r.c.RepositoryConfigurationDelegate : Bootstrapping Spring Data JPA repositories in DEFAULT mode.
2022-01-23 13:41:14.692  INFO 5564 --- [restartedMain] .s.d.r.c.RepositoryConfigurationDelegate : Finished Spring Data repository scanning in 1157 ms. Found 6 JPA repository interfaces.
2022-01-23 13:41:16.832  INFO 5564 --- [restartedMain] o.s.b.w.embedded.tomcat.TomcatWebServer  : Tomcat initialized with port(s): 8082 (http)
2022-01-23 13:41:16.853  INFO 5564 --- [restartedMain] o.apache.catalina.core.StandardService   : Starting service [Tomcat]
2022-01-23 13:41:16.858  INFO 5564 --- [restartedMain] org.apache.catalina.core.StandardEngine  : Starting Servlet engine: [Apache Tomcat/9.0.56]
2022-01-23 13:41:17.605  INFO 5564 --- [restartedMain] o.a.c.c.C.[Tomcat].[localhost].[/]       : Initializing Spring embedded WebApplicationContext
2022-01-23 13:41:17.606  INFO 5564 --- [restartedMain] w.s.c.ServletWebServerApplicationContext : Root WebApplicationContext: initialization completed in 8587 ms
2022-01-23 13:41:18.356  INFO 5564 --- [restartedMain] com.zaxxer.hikari.HikariDataSource       : HikariPool-1 - Starting...
2022-01-23 13:41:19.398  INFO 5564 --- [restartedMain] com.zaxxer.hikari.HikariDataSource       : HikariPool-1 - Start completed.
2022-01-23 13:41:19.644  INFO 5564 --- [restartedMain] o.hibernate.jpa.internal.util.LogHelper  : HHH000204: Processing PersistenceUnitInfo [name: default]
2022-01-23 13:41:19.866  INFO 5564 --- [restartedMain] org.hibernate.Version                    : HHH000412: Hibernate ORM core version 5.6.3.Final
2022-01-23 13:41:20.341  INFO 5564 --- [restartedMain] o.hibernate.annotations.common.Version   : HCANN000001: Hibernate Commons Annotations {5.1.2.Final}
2022-01-23 13:41:20.682  INFO 5564 --- [restartedMain] org.hibernate.dialect.Dialect            : HHH000400: Using dialect: org.hibernate.dialect.MySQL5Dialect
2022-01-23 13:41:22.298  INFO 5564 --- [restartedMain] o.h.e.t.j.p.i.JtaPlatformInitiator       : HHH000490: Using JtaPlatform implementation: [org.hibernate.engine.transaction.jta.platform.internal.NoJtaPlatform]
2022-01-23 13:41:22.313  INFO 5564 --- [restartedMain] j.LocalContainerEntityManagerFactoryBean : Initialized JPA EntityManagerFactory for persistence unit 'default'
2022-01-23 13:41:23.802  WARN 5564 --- [restartedMain] JpaBaseConfiguration$JpaWebConfiguration : spring.jpa.open-in-view is enabled by default. Therefore, database queries may be performed during view rendering. Explicitly configure spring.jpa.open-in-view to disable this warning
2022-01-23 13:41:31.399  INFO 5564 --- [restartedMain] o.s.s.web.DefaultSecurityFilterChain     : Will secure any request with [org.springframework.security.web.context.request.async.WebAsyncManagerIntegrationFilter@2b8a8fe4, org.springframework.security.web.context.SecurityContextPersistenceFilter@1439abf8, org.springframework.security.web.header.HeaderWriterFilter@37d64bd9, org.springframework.security.web.authentication.logout.LogoutFilter@159fea2d, com.example.demo.authcofig.AuthenticationFilter@6df8eb1e, org.springframework.security.web.savedrequest.RequestCacheAwareFilter@7f695d49, org.springframework.security.web.servletapi.SecurityContextHolderAwareRequestFilter@2c6c73c8, org.springframework.security.web.authentication.AnonymousAuthenticationFilter@361336c3, org.springframework.security.web.session.SessionManagementFilter@59fe4c6e, org.springframework.security.web.access.ExceptionTranslationFilter@265934c9, org.springframework.security.web.access.intercept.FilterSecurityInterceptor@738ac90d]
2022-01-23 13:41:33.979  WARN 5564 --- [restartedMain] o.s.b.d.a.OptionalLiveReloadServer       : Unable to start LiveReload server
2022-01-23 13:41:33.991  INFO 5564 --- [restartedMain] o.s.b.a.e.web.EndpointLinksResolver      : Exposing 14 endpoint(s) beneath base path '/actuator'
2022-01-23 13:41:34.236  INFO 5564 --- [restartedMain] o.s.b.w.embedded.tomcat.TomcatWebServer  : Tomcat started on port(s): 8082 (http) with context path ''
2022-01-23 13:41:34.319  INFO 5564 --- [restartedMain] com.example.demo.FlightAppApplication    : Started FlightAppApplication in 27.133 seconds (JVM running for 30.894)
2022-01-23 13:41:39.159  INFO 5564 --- [RMI TCP Connection(4)-127.0.0.1] o.a.c.c.C.[Tomcat].[localhost].[/]       : Initializing Spring DispatcherServlet 'dispatcherServlet'
2022-01-23 13:41:39.160  INFO 5564 --- [RMI TCP Connection(4)-127.0.0.1] o.s.web.servlet.DispatcherServlet        : Initializing Servlet 'dispatcherServlet'
2022-01-23 13:41:39.163  INFO 5564 --- [RMI TCP Connection(4)-127.0.0.1] o.s.web.servlet.DispatcherServlet        : Completed initialization in 3 ms
2022-01-23 14:02:57.877  INFO 5564 --- [RMI TCP Connection(27)-127.0.0.1] inMXBeanRegistrar$SpringApplicationAdmin : Application shutdown requested.
2022-01-23 14:02:57.976  INFO 5564 --- [RMI TCP Connection(27)-127.0.0.1] j.LocalContainerEntityManagerFactoryBean : Closing JPA EntityManagerFactory for persistence unit 'default'
2022-01-23 14:02:57.981  INFO 5564 --- [RMI TCP Connection(27)-127.0.0.1] com.zaxxer.hikari.HikariDataSource       : HikariPool-1 - Shutdown initiated...
2022-01-23 14:02:58.000  INFO 5564 --- [RMI TCP Connection(27)-127.0.0.1] com.zaxxer.hikari.HikariDataSource       : HikariPool-1 - Shutdown completed.
